{"C:\\Users\\Евгения\\diplom\\mycloudfrontend\\src\\App.js": {"path":"C:\\Users\\Евгения\\diplom\\mycloudfrontend\\src\\App.js","statementMap":{"0":{"start":{"line":24,"column":14},"end":{"line":74,"column":1}},"1":{"start":{"line":76,"column":0},"end":{"line":81,"column":3}},"2":{"start":{"line":84,"column":19},"end":{"line":84,"column":32}},"3":{"start":{"line":85,"column":24},"end":{"line":85,"column":56}},"4":{"start":{"line":87,"column":2},"end":{"line":89,"column":17}},"5":{"start":{"line":88,"column":4},"end":{"line":88,"column":32}},"6":{"start":{"line":91,"column":2},"end":{"line":107,"column":3}},"7":{"start":{"line":92,"column":4},"end":{"line":106,"column":6}},"8":{"start":{"line":111,"column":2},"end":{"line":208,"column":4}},"9":{"start":{"line":187,"column":39},"end":{"line":187,"column":60}}},"fnMap":{"0":{"name":"App","decl":{"start":{"line":83,"column":9},"end":{"line":83,"column":12}},"loc":{"start":{"line":83,"column":15},"end":{"line":209,"column":1}},"line":83},"1":{"name":"(anonymous_1)","decl":{"start":{"line":87,"column":12},"end":{"line":87,"column":13}},"loc":{"start":{"line":87,"column":18},"end":{"line":89,"column":3}},"line":87},"2":{"name":"(anonymous_2)","decl":{"start":{"line":187,"column":33},"end":{"line":187,"column":34}},"loc":{"start":{"line":187,"column":39},"end":{"line":187,"column":60}},"line":187}},"branchMap":{"0":{"loc":{"start":{"line":91,"column":2},"end":{"line":107,"column":3}},"type":"if","locations":[{"start":{"line":91,"column":2},"end":{"line":107,"column":3}},{"start":{},"end":{}}],"line":91}},"s":{"0":1,"1":1,"2":2,"3":1,"4":1,"5":1,"6":1,"7":0,"8":1,"9":0},"f":{"0":2,"1":1,"2":0},"b":{"0":[0,1]},"_coverageSchema":"1a1c01bbd47fc00a2c39e90264f33305004495a9","hash":"79954067bae6d8db8877e3a38ac2867a6915b09d"}
,"C:\\Users\\Евгения\\diplom\\mycloudfrontend\\src\\index.js": {"path":"C:\\Users\\Евгения\\diplom\\mycloudfrontend\\src\\index.js","statementMap":{"0":{"start":{"line":8,"column":13},"end":{"line":8,"column":65}},"1":{"start":{"line":9,"column":0},"end":{"line":15,"column":2}}},"fnMap":{},"branchMap":{},"s":{"0":0,"1":0},"f":{},"b":{}}
,"C:\\Users\\Евгения\\diplom\\mycloudfrontend\\src\\reportWebVitals.js": {"path":"C:\\Users\\Евгения\\diplom\\mycloudfrontend\\src\\reportWebVitals.js","statementMap":{"0":{"start":{"line":1,"column":24},"end":{"line":11,"column":1}},"1":{"start":{"line":2,"column":2},"end":{"line":10,"column":3}},"2":{"start":{"line":3,"column":4},"end":{"line":9,"column":7}},"3":{"start":{"line":4,"column":6},"end":{"line":4,"column":26}},"4":{"start":{"line":5,"column":6},"end":{"line":5,"column":26}},"5":{"start":{"line":6,"column":6},"end":{"line":6,"column":26}},"6":{"start":{"line":7,"column":6},"end":{"line":7,"column":26}},"7":{"start":{"line":8,"column":6},"end":{"line":8,"column":27}}},"fnMap":{"0":{"name":"(anonymous_0)","decl":{"start":{"line":1,"column":24},"end":{"line":1,"column":25}},"loc":{"start":{"line":1,"column":39},"end":{"line":11,"column":1}},"line":1},"1":{"name":"(anonymous_1)","decl":{"start":{"line":3,"column":30},"end":{"line":3,"column":31}},"loc":{"start":{"line":3,"column":79},"end":{"line":9,"column":5}},"line":3}},"branchMap":{"0":{"loc":{"start":{"line":2,"column":2},"end":{"line":10,"column":3}},"type":"if","locations":[{"start":{"line":2,"column":2},"end":{"line":10,"column":3}},{"start":{},"end":{}}],"line":2},"1":{"loc":{"start":{"line":2,"column":6},"end":{"line":2,"column":52}},"type":"binary-expr","locations":[{"start":{"line":2,"column":6},"end":{"line":2,"column":17}},{"start":{"line":2,"column":21},"end":{"line":2,"column":52}}],"line":2}},"s":{"0":0,"1":0,"2":0,"3":0,"4":0,"5":0,"6":0,"7":0},"f":{"0":0,"1":0},"b":{"0":[0,0],"1":[0,0]}}
,"C:\\Users\\Евгения\\diplom\\mycloudfrontend\\src\\setupTestsUtils.js": {"path":"C:\\Users\\Евгения\\diplom\\mycloudfrontend\\src\\setupTestsUtils.js","statementMap":{"0":{"start":{"line":1,"column":17},"end":{"line":1,"column":19}},"1":{"start":{"line":2,"column":29},"end":{"line":2,"column":59}},"2":{"start":{"line":2,"column":39},"end":{"line":2,"column":57}},"3":{"start":{"line":3,"column":29},"end":{"line":3,"column":45}},"4":{"start":{"line":3,"column":35},"end":{"line":3,"column":45}}},"fnMap":{"0":{"name":"(anonymous_0)","decl":{"start":{"line":2,"column":29},"end":{"line":2,"column":30}},"loc":{"start":{"line":2,"column":37},"end":{"line":2,"column":59}},"line":2},"1":{"name":"(anonymous_1)","decl":{"start":{"line":3,"column":29},"end":{"line":3,"column":30}},"loc":{"start":{"line":3,"column":35},"end":{"line":3,"column":45}},"line":3}},"branchMap":{},"s":{"0":0,"1":0,"2":0,"3":0,"4":0},"f":{"0":0,"1":0},"b":{}}
,"C:\\Users\\Евгения\\diplom\\mycloudfrontend\\src\\components\\ErrorBoundary.jsx": {"path":"C:\\Users\\Евгения\\diplom\\mycloudfrontend\\src\\components\\ErrorBoundary.jsx","statementMap":{"0":{"start":{"line":4,"column":28},"end":{"line":4,"column":38}},"1":{"start":{"line":8,"column":4},"end":{"line":8,"column":17}},"2":{"start":{"line":9,"column":4},"end":{"line":13,"column":6}},"3":{"start":{"line":18,"column":4},"end":{"line":18,"column":30}},"4":{"start":{"line":23,"column":4},"end":{"line":26,"column":7}},"5":{"start":{"line":29,"column":4},"end":{"line":29,"column":68}},"6":{"start":{"line":36,"column":4},"end":{"line":105,"column":5}},"7":{"start":{"line":37,"column":6},"end":{"line":104,"column":8}},"8":{"start":{"line":47,"column":31},"end":{"line":47,"column":55}},"9":{"start":{"line":53,"column":31},"end":{"line":53,"column":57}},"10":{"start":{"line":108,"column":4},"end":{"line":108,"column":31}}},"fnMap":{"0":{"name":"(anonymous_0)","decl":{"start":{"line":7,"column":2},"end":{"line":7,"column":3}},"loc":{"start":{"line":7,"column":21},"end":{"line":14,"column":3}},"line":7},"1":{"name":"(anonymous_1)","decl":{"start":{"line":16,"column":2},"end":{"line":16,"column":3}},"loc":{"start":{"line":16,"column":41},"end":{"line":19,"column":3}},"line":16},"2":{"name":"(anonymous_2)","decl":{"start":{"line":21,"column":2},"end":{"line":21,"column":3}},"loc":{"start":{"line":21,"column":38},"end":{"line":33,"column":3}},"line":21},"3":{"name":"(anonymous_3)","decl":{"start":{"line":35,"column":2},"end":{"line":35,"column":3}},"loc":{"start":{"line":35,"column":11},"end":{"line":109,"column":3}},"line":35},"4":{"name":"(anonymous_4)","decl":{"start":{"line":47,"column":25},"end":{"line":47,"column":26}},"loc":{"start":{"line":47,"column":31},"end":{"line":47,"column":55}},"line":47},"5":{"name":"(anonymous_5)","decl":{"start":{"line":53,"column":25},"end":{"line":53,"column":26}},"loc":{"start":{"line":53,"column":31},"end":{"line":53,"column":57}},"line":53}},"branchMap":{"0":{"loc":{"start":{"line":36,"column":4},"end":{"line":105,"column":5}},"type":"if","locations":[{"start":{"line":36,"column":4},"end":{"line":105,"column":5}},{"start":{},"end":{}}],"line":36},"1":{"loc":{"start":{"line":60,"column":13},"end":{"line":101,"column":13}},"type":"binary-expr","locations":[{"start":{"line":60,"column":13},"end":{"line":60,"column":51}},{"start":{"line":61,"column":14},"end":{"line":100,"column":20}}],"line":60},"2":{"loc":{"start":{"line":80,"column":19},"end":{"line":80,"column":66}},"type":"binary-expr","locations":[{"start":{"line":80,"column":19},"end":{"line":80,"column":35}},{"start":{"line":80,"column":39},"end":{"line":80,"column":66}}],"line":80},"3":{"loc":{"start":{"line":83,"column":17},"end":{"line":99,"column":17}},"type":"binary-expr","locations":[{"start":{"line":83,"column":17},"end":{"line":83,"column":37}},{"start":{"line":84,"column":18},"end":{"line":98,"column":21}}],"line":83}},"s":{"0":1,"1":2,"2":1,"3":0,"4":0,"5":0,"6":1,"7":0,"8":0,"9":0,"10":1},"f":{"0":2,"1":0,"2":0,"3":1,"4":0,"5":0},"b":{"0":[0,1],"1":[0,0],"2":[0,0],"3":[0,0]},"_coverageSchema":"1a1c01bbd47fc00a2c39e90264f33305004495a9","hash":"7591a3397d52384212243a1dfd374946140bdb61"}
,"C:\\Users\\Евгения\\diplom\\mycloudfrontend\\src\\components\\FileItem.jsx": {"path":"C:\\Users\\Евгения\\diplom\\mycloudfrontend\\src\\components\\FileItem.jsx","statementMap":{"0":{"start":{"line":27,"column":28},"end":{"line":27,"column":38}},"1":{"start":{"line":28,"column":21},"end":{"line":28,"column":26}},"2":{"start":{"line":40,"column":15},"end":{"line":40,"column":52}},"3":{"start":{"line":40,"column":36},"end":{"line":40,"column":51}},"4":{"start":{"line":41,"column":25},"end":{"line":41,"column":80}},"5":{"start":{"line":43,"column":36},"end":{"line":43,"column":51}},"6":{"start":{"line":44,"column":32},"end":{"line":44,"column":60}},"7":{"start":{"line":45,"column":36},"end":{"line":45,"column":51}},"8":{"start":{"line":46,"column":52},"end":{"line":46,"column":67}},"9":{"start":{"line":47,"column":32},"end":{"line":47,"column":60}},"10":{"start":{"line":49,"column":22},"end":{"line":64,"column":3}},"11":{"start":{"line":50,"column":4},"end":{"line":53,"column":5}},"12":{"start":{"line":51,"column":6},"end":{"line":51,"column":75}},"13":{"start":{"line":52,"column":6},"end":{"line":52,"column":13}},"14":{"start":{"line":54,"column":4},"end":{"line":54,"column":23}},"15":{"start":{"line":55,"column":4},"end":{"line":63,"column":5}},"16":{"start":{"line":56,"column":6},"end":{"line":56,"column":46}},"17":{"start":{"line":57,"column":6},"end":{"line":57,"column":26}},"18":{"start":{"line":58,"column":6},"end":{"line":58,"column":46}},"19":{"start":{"line":60,"column":6},"end":{"line":60,"column":57}},"20":{"start":{"line":62,"column":6},"end":{"line":62,"column":26}},"21":{"start":{"line":66,"column":25},"end":{"line":74,"column":3}},"22":{"start":{"line":67,"column":4},"end":{"line":73,"column":5}},"23":{"start":{"line":68,"column":6},"end":{"line":70,"column":69}},"24":{"start":{"line":69,"column":20},"end":{"line":69,"column":57}},"25":{"start":{"line":70,"column":21},"end":{"line":70,"column":67}},"26":{"start":{"line":72,"column":6},"end":{"line":72,"column":51}},"27":{"start":{"line":76,"column":30},"end":{"line":76,"column":52}},"28":{"start":{"line":76,"column":36},"end":{"line":76,"column":52}},"29":{"start":{"line":78,"column":28},"end":{"line":78,"column":51}},"30":{"start":{"line":78,"column":34},"end":{"line":78,"column":51}},"31":{"start":{"line":80,"column":26},"end":{"line":83,"column":3}},"32":{"start":{"line":81,"column":4},"end":{"line":81,"column":35}},"33":{"start":{"line":82,"column":4},"end":{"line":82,"column":31}},"34":{"start":{"line":85,"column":23},"end":{"line":100,"column":3}},"35":{"start":{"line":86,"column":4},"end":{"line":89,"column":5}},"36":{"start":{"line":87,"column":6},"end":{"line":87,"column":54}},"37":{"start":{"line":88,"column":6},"end":{"line":88,"column":13}},"38":{"start":{"line":90,"column":4},"end":{"line":90,"column":23}},"39":{"start":{"line":91,"column":4},"end":{"line":99,"column":5}},"40":{"start":{"line":92,"column":6},"end":{"line":92,"column":46}},"41":{"start":{"line":93,"column":6},"end":{"line":93,"column":34}},"42":{"start":{"line":94,"column":6},"end":{"line":94,"column":44}},"43":{"start":{"line":96,"column":6},"end":{"line":96,"column":55}},"44":{"start":{"line":98,"column":6},"end":{"line":98,"column":26}},"45":{"start":{"line":102,"column":25},"end":{"line":108,"column":3}},"46":{"start":{"line":103,"column":4},"end":{"line":103,"column":38}},"47":{"start":{"line":103,"column":21},"end":{"line":103,"column":38}},"48":{"start":{"line":104,"column":14},"end":{"line":104,"column":18}},"49":{"start":{"line":105,"column":18},"end":{"line":105,"column":45}},"50":{"start":{"line":106,"column":14},"end":{"line":106,"column":55}},"51":{"start":{"line":107,"column":4},"end":{"line":107,"column":64}},"52":{"start":{"line":110,"column":21},"end":{"line":124,"column":3}},"53":{"start":{"line":111,"column":23},"end":{"line":111,"column":41}},"54":{"start":{"line":112,"column":4},"end":{"line":112,"column":47}},"55":{"start":{"line":112,"column":21},"end":{"line":112,"column":47}},"56":{"start":{"line":113,"column":4},"end":{"line":123,"column":5}},"57":{"start":{"line":114,"column":6},"end":{"line":120,"column":9}},"58":{"start":{"line":122,"column":6},"end":{"line":122,"column":29}},"59":{"start":{"line":126,"column":22},"end":{"line":134,"column":3}},"60":{"start":{"line":127,"column":16},"end":{"line":127,"column":57}},"61":{"start":{"line":128,"column":4},"end":{"line":128,"column":76}},"62":{"start":{"line":128,"column":63},"end":{"line":128,"column":76}},"63":{"start":{"line":129,"column":4},"end":{"line":129,"column":35}},"64":{"start":{"line":129,"column":23},"end":{"line":129,"column":35}},"65":{"start":{"line":130,"column":4},"end":{"line":130,"column":50}},"66":{"start":{"line":130,"column":38},"end":{"line":130,"column":50}},"67":{"start":{"line":131,"column":4},"end":{"line":131,"column":50}},"68":{"start":{"line":131,"column":38},"end":{"line":131,"column":50}},"69":{"start":{"line":132,"column":4},"end":{"line":132,"column":55}},"70":{"start":{"line":132,"column":42},"end":{"line":132,"column":55}},"71":{"start":{"line":133,"column":4},"end":{"line":133,"column":16}},"72":{"start":{"line":137,"column":4},"end":{"line":152,"column":12}},"73":{"start":{"line":141,"column":22},"end":{"line":141,"column":49}},"74":{"start":{"line":148,"column":23},"end":{"line":148,"column":49}},"75":{"start":{"line":156,"column":2},"end":{"line":291,"column":3}},"76":{"start":{"line":157,"column":4},"end":{"line":290,"column":6}},"77":{"start":{"line":236,"column":37},"end":{"line":236,"column":63}},"78":{"start":{"line":257,"column":26},"end":{"line":257,"column":46}},"79":{"start":{"line":258,"column":26},"end":{"line":258,"column":57}},"80":{"start":{"line":276,"column":39},"end":{"line":276,"column":57}},"81":{"start":{"line":294,"column":2},"end":{"line":419,"column":4}},"82":{"start":{"line":313,"column":31},"end":{"line":313,"column":57}},"83":{"start":{"line":334,"column":20},"end":{"line":334,"column":40}},"84":{"start":{"line":335,"column":20},"end":{"line":335,"column":51}},"85":{"start":{"line":353,"column":33},"end":{"line":353,"column":51}}},"fnMap":{"0":{"name":"FileItem","decl":{"start":{"line":30,"column":24},"end":{"line":30,"column":32}},"loc":{"start":{"line":39,"column":3},"end":{"line":420,"column":1}},"line":39},"1":{"name":"(anonymous_1)","decl":{"start":{"line":40,"column":27},"end":{"line":40,"column":28}},"loc":{"start":{"line":40,"column":36},"end":{"line":40,"column":51}},"line":40},"2":{"name":"(anonymous_2)","decl":{"start":{"line":49,"column":22},"end":{"line":49,"column":23}},"loc":{"start":{"line":49,"column":34},"end":{"line":64,"column":3}},"line":49},"3":{"name":"(anonymous_3)","decl":{"start":{"line":66,"column":25},"end":{"line":66,"column":26}},"loc":{"start":{"line":66,"column":31},"end":{"line":74,"column":3}},"line":66},"4":{"name":"(anonymous_4)","decl":{"start":{"line":69,"column":14},"end":{"line":69,"column":15}},"loc":{"start":{"line":69,"column":20},"end":{"line":69,"column":57}},"line":69},"5":{"name":"(anonymous_5)","decl":{"start":{"line":70,"column":15},"end":{"line":70,"column":16}},"loc":{"start":{"line":70,"column":21},"end":{"line":70,"column":67}},"line":70},"6":{"name":"(anonymous_6)","decl":{"start":{"line":76,"column":30},"end":{"line":76,"column":31}},"loc":{"start":{"line":76,"column":36},"end":{"line":76,"column":52}},"line":76},"7":{"name":"(anonymous_7)","decl":{"start":{"line":78,"column":28},"end":{"line":78,"column":29}},"loc":{"start":{"line":78,"column":34},"end":{"line":78,"column":51}},"line":78},"8":{"name":"(anonymous_8)","decl":{"start":{"line":80,"column":26},"end":{"line":80,"column":27}},"loc":{"start":{"line":80,"column":32},"end":{"line":83,"column":3}},"line":80},"9":{"name":"(anonymous_9)","decl":{"start":{"line":85,"column":23},"end":{"line":85,"column":24}},"loc":{"start":{"line":85,"column":35},"end":{"line":100,"column":3}},"line":85},"10":{"name":"(anonymous_10)","decl":{"start":{"line":102,"column":25},"end":{"line":102,"column":26}},"loc":{"start":{"line":102,"column":34},"end":{"line":108,"column":3}},"line":102},"11":{"name":"(anonymous_11)","decl":{"start":{"line":110,"column":21},"end":{"line":110,"column":22}},"loc":{"start":{"line":110,"column":27},"end":{"line":124,"column":3}},"line":110},"12":{"name":"(anonymous_12)","decl":{"start":{"line":126,"column":22},"end":{"line":126,"column":23}},"loc":{"start":{"line":126,"column":34},"end":{"line":134,"column":3}},"line":126},"13":{"name":"(anonymous_13)","decl":{"start":{"line":141,"column":16},"end":{"line":141,"column":17}},"loc":{"start":{"line":141,"column":22},"end":{"line":141,"column":49}},"line":141},"14":{"name":"(anonymous_14)","decl":{"start":{"line":148,"column":18},"end":{"line":148,"column":19}},"loc":{"start":{"line":148,"column":23},"end":{"line":148,"column":49}},"line":148},"15":{"name":"(anonymous_15)","decl":{"start":{"line":236,"column":32},"end":{"line":236,"column":33}},"loc":{"start":{"line":236,"column":37},"end":{"line":236,"column":63}},"line":236},"16":{"name":"(anonymous_16)","decl":{"start":{"line":256,"column":33},"end":{"line":256,"column":34}},"loc":{"start":{"line":256,"column":39},"end":{"line":259,"column":25}},"line":256},"17":{"name":"(anonymous_17)","decl":{"start":{"line":276,"column":33},"end":{"line":276,"column":34}},"loc":{"start":{"line":276,"column":39},"end":{"line":276,"column":57}},"line":276},"18":{"name":"(anonymous_18)","decl":{"start":{"line":313,"column":26},"end":{"line":313,"column":27}},"loc":{"start":{"line":313,"column":31},"end":{"line":313,"column":57}},"line":313},"19":{"name":"(anonymous_19)","decl":{"start":{"line":333,"column":27},"end":{"line":333,"column":28}},"loc":{"start":{"line":333,"column":33},"end":{"line":336,"column":19}},"line":333},"20":{"name":"(anonymous_20)","decl":{"start":{"line":353,"column":27},"end":{"line":353,"column":28}},"loc":{"start":{"line":353,"column":33},"end":{"line":353,"column":51}},"line":353}},"branchMap":{"0":{"loc":{"start":{"line":37,"column":2},"end":{"line":37,"column":17}},"type":"default-arg","locations":[{"start":{"line":37,"column":12},"end":{"line":37,"column":17}}],"line":37},"1":{"loc":{"start":{"line":38,"column":2},"end":{"line":38,"column":18}},"type":"default-arg","locations":[{"start":{"line":38,"column":13},"end":{"line":38,"column":18}}],"line":38},"2":{"loc":{"start":{"line":41,"column":25},"end":{"line":41,"column":80}},"type":"binary-expr","locations":[{"start":{"line":41,"column":25},"end":{"line":41,"column":51}},{"start":{"line":41,"column":55},"end":{"line":41,"column":80}}],"line":41},"3":{"loc":{"start":{"line":44,"column":41},"end":{"line":44,"column":59}},"type":"binary-expr","locations":[{"start":{"line":44,"column":41},"end":{"line":44,"column":53}},{"start":{"line":44,"column":57},"end":{"line":44,"column":59}}],"line":44},"4":{"loc":{"start":{"line":50,"column":4},"end":{"line":53,"column":5}},"type":"if","locations":[{"start":{"line":50,"column":4},"end":{"line":53,"column":5}},{"start":{},"end":{}}],"line":50},"5":{"loc":{"start":{"line":67,"column":4},"end":{"line":73,"column":5}},"type":"if","locations":[{"start":{"line":67,"column":4},"end":{"line":73,"column":5}},{"start":{"line":71,"column":11},"end":{"line":73,"column":5}}],"line":67},"6":{"loc":{"start":{"line":86,"column":4},"end":{"line":89,"column":5}},"type":"if","locations":[{"start":{"line":86,"column":4},"end":{"line":89,"column":5}},{"start":{},"end":{}}],"line":86},"7":{"loc":{"start":{"line":103,"column":4},"end":{"line":103,"column":38}},"type":"if","locations":[{"start":{"line":103,"column":4},"end":{"line":103,"column":38}},{"start":{},"end":{}}],"line":103},"8":{"loc":{"start":{"line":112,"column":4},"end":{"line":112,"column":47}},"type":"if","locations":[{"start":{"line":112,"column":4},"end":{"line":112,"column":47}},{"start":{},"end":{}}],"line":112},"9":{"loc":{"start":{"line":128,"column":4},"end":{"line":128,"column":76}},"type":"if","locations":[{"start":{"line":128,"column":4},"end":{"line":128,"column":76}},{"start":{},"end":{}}],"line":128},"10":{"loc":{"start":{"line":129,"column":4},"end":{"line":129,"column":35}},"type":"if","locations":[{"start":{"line":129,"column":4},"end":{"line":129,"column":35}},{"start":{},"end":{}}],"line":129},"11":{"loc":{"start":{"line":130,"column":4},"end":{"line":130,"column":50}},"type":"if","locations":[{"start":{"line":130,"column":4},"end":{"line":130,"column":50}},{"start":{},"end":{}}],"line":130},"12":{"loc":{"start":{"line":131,"column":4},"end":{"line":131,"column":50}},"type":"if","locations":[{"start":{"line":131,"column":4},"end":{"line":131,"column":50}},{"start":{},"end":{}}],"line":131},"13":{"loc":{"start":{"line":132,"column":4},"end":{"line":132,"column":55}},"type":"if","locations":[{"start":{"line":132,"column":4},"end":{"line":132,"column":55}},{"start":{},"end":{}}],"line":132},"14":{"loc":{"start":{"line":156,"column":2},"end":{"line":291,"column":3}},"type":"if","locations":[{"start":{"line":156,"column":2},"end":{"line":291,"column":3}},{"start":{},"end":{}}],"line":156},"15":{"loc":{"start":{"line":181,"column":12},"end":{"line":190,"column":13}},"type":"binary-expr","locations":[{"start":{"line":181,"column":12},"end":{"line":181,"column":26}},{"start":{"line":182,"column":14},"end":{"line":189,"column":24}}],"line":181},"16":{"loc":{"start":{"line":191,"column":12},"end":{"line":210,"column":13}},"type":"binary-expr","locations":[{"start":{"line":191,"column":12},"end":{"line":191,"column":26}},{"start":{"line":192,"column":14},"end":{"line":209,"column":27}}],"line":191},"17":{"loc":{"start":{"line":232,"column":17},"end":{"line":283,"column":17}},"type":"cond-expr","locations":[{"start":{"line":233,"column":18},"end":{"line":265,"column":21}},{"start":{"line":267,"column":18},"end":{"line":282,"column":21}}],"line":232},"18":{"loc":{"start":{"line":258,"column":37},"end":{"line":258,"column":55}},"type":"binary-expr","locations":[{"start":{"line":258,"column":37},"end":{"line":258,"column":49}},{"start":{"line":258,"column":53},"end":{"line":258,"column":55}}],"line":258},"19":{"loc":{"start":{"line":269,"column":23},"end":{"line":269,"column":58}},"type":"binary-expr","locations":[{"start":{"line":269,"column":23},"end":{"line":269,"column":30}},{"start":{"line":269,"column":34},"end":{"line":269,"column":58}}],"line":269},"20":{"loc":{"start":{"line":271,"column":21},"end":{"line":281,"column":21}},"type":"binary-expr","locations":[{"start":{"line":271,"column":21},"end":{"line":271,"column":35}},{"start":{"line":272,"column":22},"end":{"line":280,"column":31}}],"line":271},"21":{"loc":{"start":{"line":309,"column":11},"end":{"line":360,"column":11}},"type":"cond-expr","locations":[{"start":{"line":310,"column":12},"end":{"line":342,"column":15}},{"start":{"line":344,"column":12},"end":{"line":359,"column":15}}],"line":309},"22":{"loc":{"start":{"line":335,"column":31},"end":{"line":335,"column":49}},"type":"binary-expr","locations":[{"start":{"line":335,"column":31},"end":{"line":335,"column":43}},{"start":{"line":335,"column":47},"end":{"line":335,"column":49}}],"line":335},"23":{"loc":{"start":{"line":346,"column":17},"end":{"line":346,"column":52}},"type":"binary-expr","locations":[{"start":{"line":346,"column":17},"end":{"line":346,"column":24}},{"start":{"line":346,"column":28},"end":{"line":346,"column":52}}],"line":346},"24":{"loc":{"start":{"line":348,"column":15},"end":{"line":358,"column":15}},"type":"binary-expr","locations":[{"start":{"line":348,"column":15},"end":{"line":348,"column":29}},{"start":{"line":349,"column":16},"end":{"line":357,"column":25}}],"line":348},"25":{"loc":{"start":{"line":386,"column":13},"end":{"line":394,"column":13}},"type":"binary-expr","locations":[{"start":{"line":386,"column":13},"end":{"line":386,"column":27}},{"start":{"line":387,"column":14},"end":{"line":393,"column":24}}],"line":386},"26":{"loc":{"start":{"line":395,"column":13},"end":{"line":413,"column":13}},"type":"binary-expr","locations":[{"start":{"line":395,"column":13},"end":{"line":395,"column":27}},{"start":{"line":396,"column":14},"end":{"line":412,"column":27}}],"line":395}},"s":{"0":2,"1":2,"2":19,"3":30,"4":19,"5":19,"6":19,"7":19,"8":19,"9":19,"10":19,"11":1,"12":0,"13":0,"14":1,"15":1,"16":1,"17":1,"18":1,"19":0,"20":1,"21":19,"22":1,"23":1,"24":1,"25":0,"26":0,"27":19,"28":1,"29":19,"30":1,"31":19,"32":1,"33":1,"34":19,"35":1,"36":0,"37":0,"38":1,"39":1,"40":1,"41":1,"42":1,"43":0,"44":1,"45":19,"46":19,"47":0,"48":19,"49":19,"50":19,"51":19,"52":19,"53":19,"54":19,"55":1,"56":18,"57":18,"58":0,"59":19,"60":19,"61":19,"62":0,"63":19,"64":19,"65":0,"66":0,"67":0,"68":0,"69":0,"70":0,"71":0,"72":19,"73":0,"74":1,"75":19,"76":0,"77":0,"78":0,"79":0,"80":0,"81":19,"82":1,"83":0,"84":0,"85":1},"f":{"0":19,"1":30,"2":1,"3":1,"4":1,"5":0,"6":1,"7":1,"8":1,"9":1,"10":19,"11":19,"12":19,"13":0,"14":1,"15":0,"16":0,"17":0,"18":1,"19":0,"20":1},"b":{"0":[0],"1":[19],"2":[19,18],"3":[19,0],"4":[0,1],"5":[1,0],"6":[0,1],"7":[0,19],"8":[1,18],"9":[0,19],"10":[19,0],"11":[0,0],"12":[0,0],"13":[0,0],"14":[0,19],"15":[0,0],"16":[0,0],"17":[0,0],"18":[0,0],"19":[0,0],"20":[0,0],"21":[3,16],"22":[0,0],"23":[16,0],"24":[16,15],"25":[19,18],"26":[19,18]},"_coverageSchema":"1a1c01bbd47fc00a2c39e90264f33305004495a9","hash":"fb718de3d86b774f8d09586a328da41a80087ca4"}
,"C:\\Users\\Евгения\\diplom\\mycloudfrontend\\src\\components\\FileUploadForm.jsx": {"path":"C:\\Users\\Евгения\\diplom\\mycloudfrontend\\src\\components\\FileUploadForm.jsx","statementMap":{"0":{"start":{"line":20,"column":21},"end":{"line":20,"column":26}},"1":{"start":{"line":21,"column":20},"end":{"line":21,"column":26}},"2":{"start":{"line":22,"column":24},"end":{"line":22,"column":34}},"3":{"start":{"line":24,"column":23},"end":{"line":224,"column":1}},"4":{"start":{"line":25,"column":19},"end":{"line":25,"column":32}},"5":{"start":{"line":26,"column":45},"end":{"line":26,"column":78}},"6":{"start":{"line":26,"column":66},"end":{"line":26,"column":77}},"7":{"start":{"line":28,"column":34},"end":{"line":28,"column":46}},"8":{"start":{"line":29,"column":32},"end":{"line":29,"column":44}},"9":{"start":{"line":30,"column":38},"end":{"line":30,"column":53}},"10":{"start":{"line":32,"column":21},"end":{"line":48,"column":9}},"11":{"start":{"line":32,"column":36},"end":{"line":48,"column":3}},"12":{"start":{"line":50,"column":23},"end":{"line":62,"column":18}},"13":{"start":{"line":51,"column":19},"end":{"line":51,"column":21}},"14":{"start":{"line":52,"column":4},"end":{"line":54,"column":5}},"15":{"start":{"line":53,"column":6},"end":{"line":53,"column":105}},"16":{"start":{"line":55,"column":4},"end":{"line":60,"column":5}},"17":{"start":{"line":56,"column":18},"end":{"line":56,"column":64}},"18":{"start":{"line":57,"column":6},"end":{"line":59,"column":7}},"19":{"start":{"line":58,"column":8},"end":{"line":58,"column":64}},"20":{"start":{"line":61,"column":4},"end":{"line":61,"column":18}},"21":{"start":{"line":64,"column":27},"end":{"line":77,"column":3}},"22":{"start":{"line":65,"column":22},"end":{"line":75,"column":6}},"23":{"start":{"line":66,"column":6},"end":{"line":73,"column":7}},"24":{"start":{"line":67,"column":21},"end":{"line":67,"column":53}},"25":{"start":{"line":68,"column":8},"end":{"line":72,"column":9}},"26":{"start":{"line":69,"column":10},"end":{"line":69,"column":32}},"27":{"start":{"line":70,"column":10},"end":{"line":70,"column":52}},"28":{"start":{"line":71,"column":10},"end":{"line":71,"column":30}},"29":{"start":{"line":74,"column":6},"end":{"line":74,"column":18}},"30":{"start":{"line":76,"column":4},"end":{"line":76,"column":27}},"31":{"start":{"line":79,"column":23},"end":{"line":95,"column":3}},"32":{"start":{"line":80,"column":17},"end":{"line":80,"column":35}},"33":{"start":{"line":81,"column":4},"end":{"line":84,"column":5}},"34":{"start":{"line":82,"column":6},"end":{"line":82,"column":42}},"35":{"start":{"line":83,"column":6},"end":{"line":83,"column":13}},"36":{"start":{"line":85,"column":4},"end":{"line":94,"column":5}},"37":{"start":{"line":86,"column":21},"end":{"line":86,"column":85}},"38":{"start":{"line":87,"column":6},"end":{"line":87,"column":24}},"39":{"start":{"line":88,"column":6},"end":{"line":88,"column":62}},"40":{"start":{"line":89,"column":6},"end":{"line":89,"column":22}},"41":{"start":{"line":90,"column":6},"end":{"line":90,"column":21}},"42":{"start":{"line":92,"column":6},"end":{"line":92,"column":19}},"43":{"start":{"line":93,"column":6},"end":{"line":93,"column":80}},"44":{"start":{"line":97,"column":22},"end":{"line":120,"column":3}},"45":{"start":{"line":104,"column":19},"end":{"line":104,"column":37}},"46":{"start":{"line":105,"column":6},"end":{"line":108,"column":7}},"47":{"start":{"line":106,"column":8},"end":{"line":106,"column":28}},"48":{"start":{"line":107,"column":8},"end":{"line":107,"column":21}},"49":{"start":{"line":109,"column":6},"end":{"line":109,"column":18}},"50":{"start":{"line":111,"column":18},"end":{"line":111,"column":38}},"51":{"start":{"line":112,"column":23},"end":{"line":112,"column":42}},"52":{"start":{"line":113,"column":23},"end":{"line":113,"column":43}},"53":{"start":{"line":118,"column":19},"end":{"line":118,"column":37}},"54":{"start":{"line":122,"column":26},"end":{"line":122,"column":85}},"55":{"start":{"line":122,"column":32},"end":{"line":122,"column":85}},"56":{"start":{"line":124,"column":2},"end":{"line":223,"column":4}},"57":{"start":{"line":147,"column":24},"end":{"line":147,"column":38}},"58":{"start":{"line":148,"column":14},"end":{"line":148,"column":63}}},"fnMap":{"0":{"name":"(anonymous_0)","decl":{"start":{"line":24,"column":23},"end":{"line":24,"column":24}},"loc":{"start":{"line":24,"column":29},"end":{"line":224,"column":1}},"line":24},"1":{"name":"(anonymous_1)","decl":{"start":{"line":26,"column":57},"end":{"line":26,"column":58}},"loc":{"start":{"line":26,"column":66},"end":{"line":26,"column":77}},"line":26},"2":{"name":"(anonymous_2)","decl":{"start":{"line":32,"column":29},"end":{"line":32,"column":30}},"loc":{"start":{"line":32,"column":36},"end":{"line":48,"column":3}},"line":32},"3":{"name":"(anonymous_3)","decl":{"start":{"line":50,"column":35},"end":{"line":50,"column":36}},"loc":{"start":{"line":50,"column":45},"end":{"line":62,"column":3}},"line":50},"4":{"name":"(anonymous_4)","decl":{"start":{"line":64,"column":27},"end":{"line":64,"column":28}},"loc":{"start":{"line":64,"column":54},"end":{"line":77,"column":3}},"line":64},"5":{"name":"(anonymous_5)","decl":{"start":{"line":65,"column":34},"end":{"line":65,"column":35}},"loc":{"start":{"line":65,"column":42},"end":{"line":75,"column":5}},"line":65},"6":{"name":"(anonymous_6)","decl":{"start":{"line":79,"column":23},"end":{"line":79,"column":24}},"loc":{"start":{"line":79,"column":63},"end":{"line":95,"column":3}},"line":79},"7":{"name":"(anonymous_7)","decl":{"start":{"line":103,"column":18},"end":{"line":103,"column":19}},"loc":{"start":{"line":103,"column":28},"end":{"line":110,"column":5}},"line":103},"8":{"name":"(anonymous_8)","decl":{"start":{"line":111,"column":12},"end":{"line":111,"column":13}},"loc":{"start":{"line":111,"column":18},"end":{"line":111,"column":38}},"line":111},"9":{"name":"(anonymous_9)","decl":{"start":{"line":112,"column":17},"end":{"line":112,"column":18}},"loc":{"start":{"line":112,"column":23},"end":{"line":112,"column":42}},"line":112},"10":{"name":"(anonymous_10)","decl":{"start":{"line":113,"column":17},"end":{"line":113,"column":18}},"loc":{"start":{"line":113,"column":23},"end":{"line":113,"column":43}},"line":113},"11":{"name":"(anonymous_11)","decl":{"start":{"line":118,"column":14},"end":{"line":118,"column":15}},"loc":{"start":{"line":118,"column":19},"end":{"line":118,"column":37}},"line":118},"12":{"name":"(anonymous_12)","decl":{"start":{"line":122,"column":26},"end":{"line":122,"column":27}},"loc":{"start":{"line":122,"column":32},"end":{"line":122,"column":85}},"line":122},"13":{"name":"(anonymous_13)","decl":{"start":{"line":146,"column":22},"end":{"line":146,"column":23}},"loc":{"start":{"line":146,"column":27},"end":{"line":149,"column":13}},"line":146}},"branchMap":{"0":{"loc":{"start":{"line":52,"column":4},"end":{"line":54,"column":5}},"type":"if","locations":[{"start":{"line":52,"column":4},"end":{"line":54,"column":5}},{"start":{},"end":{}}],"line":52},"1":{"loc":{"start":{"line":55,"column":4},"end":{"line":60,"column":5}},"type":"if","locations":[{"start":{"line":55,"column":4},"end":{"line":60,"column":5}},{"start":{},"end":{}}],"line":55},"2":{"loc":{"start":{"line":57,"column":6},"end":{"line":59,"column":7}},"type":"if","locations":[{"start":{"line":57,"column":6},"end":{"line":59,"column":7}},{"start":{},"end":{}}],"line":57},"3":{"loc":{"start":{"line":66,"column":6},"end":{"line":73,"column":7}},"type":"if","locations":[{"start":{"line":66,"column":6},"end":{"line":73,"column":7}},{"start":{},"end":{}}],"line":66},"4":{"loc":{"start":{"line":68,"column":8},"end":{"line":72,"column":9}},"type":"if","locations":[{"start":{"line":68,"column":8},"end":{"line":72,"column":9}},{"start":{},"end":{}}],"line":68},"5":{"loc":{"start":{"line":81,"column":4},"end":{"line":84,"column":5}},"type":"if","locations":[{"start":{"line":81,"column":4},"end":{"line":84,"column":5}},{"start":{},"end":{}}],"line":81},"6":{"loc":{"start":{"line":105,"column":6},"end":{"line":108,"column":7}},"type":"if","locations":[{"start":{"line":105,"column":6},"end":{"line":108,"column":7}},{"start":{},"end":{}}],"line":105},"7":{"loc":{"start":{"line":131,"column":9},"end":{"line":140,"column":9}},"type":"binary-expr","locations":[{"start":{"line":131,"column":9},"end":{"line":131,"column":14}},{"start":{"line":132,"column":10},"end":{"line":139,"column":12}}],"line":131},"8":{"loc":{"start":{"line":134,"column":25},"end":{"line":134,"column":74}},"type":"cond-expr","locations":[{"start":{"line":134,"column":53},"end":{"line":134,"column":58}},{"start":{"line":134,"column":61},"end":{"line":134,"column":74}}],"line":134},"9":{"loc":{"start":{"line":148,"column":25},"end":{"line":148,"column":61}},"type":"cond-expr","locations":[{"start":{"line":148,"column":42},"end":{"line":148,"column":57}},{"start":{"line":148,"column":60},"end":{"line":148,"column":61}}],"line":148},"10":{"loc":{"start":{"line":161,"column":21},"end":{"line":161,"column":52}},"type":"cond-expr","locations":[{"start":{"line":161,"column":34},"end":{"line":161,"column":47}},{"start":{"line":161,"column":50},"end":{"line":161,"column":52}}],"line":161},"11":{"loc":{"start":{"line":164,"column":24},"end":{"line":164,"column":58}},"type":"cond-expr","locations":[{"start":{"line":164,"column":37},"end":{"line":164,"column":46}},{"start":{"line":164,"column":49},"end":{"line":164,"column":58}}],"line":164},"12":{"loc":{"start":{"line":165,"column":25},"end":{"line":165,"column":59}},"type":"cond-expr","locations":[{"start":{"line":165,"column":38},"end":{"line":165,"column":47}},{"start":{"line":165,"column":50},"end":{"line":165,"column":59}}],"line":165},"13":{"loc":{"start":{"line":195,"column":9},"end":{"line":206,"column":9}},"type":"binary-expr","locations":[{"start":{"line":195,"column":9},"end":{"line":195,"column":27}},{"start":{"line":195,"column":31},"end":{"line":195,"column":51}},{"start":{"line":196,"column":10},"end":{"line":205,"column":16}}],"line":195}},"s":{"0":2,"1":2,"2":2,"3":2,"4":14,"5":14,"6":14,"7":14,"8":13,"9":13,"10":13,"11":12,"12":13,"13":1,"14":1,"15":0,"16":1,"17":0,"18":0,"19":0,"20":1,"21":13,"22":0,"23":0,"24":0,"25":0,"26":0,"27":0,"28":0,"29":0,"30":0,"31":13,"32":0,"33":0,"34":0,"35":0,"36":0,"37":0,"38":0,"39":0,"40":0,"41":0,"42":0,"43":0,"44":13,"45":1,"46":1,"47":0,"48":0,"49":1,"50":0,"51":0,"52":0,"53":0,"54":13,"55":13,"56":13,"57":1,"58":1},"f":{"0":14,"1":14,"2":12,"3":1,"4":0,"5":0,"6":0,"7":1,"8":0,"9":0,"10":0,"11":0,"12":13,"13":1},"b":{"0":[0,1],"1":[0,1],"2":[0,0],"3":[0,0],"4":[0,0],"5":[0,0],"6":[0,1],"7":[13,2],"8":[2,0],"9":[0,1],"10":[0,13],"11":[0,13],"12":[0,13],"13":[13,1,1]},"_coverageSchema":"1a1c01bbd47fc00a2c39e90264f33305004495a9","hash":"1c509bb55b6a659cc0000ff2e6647bd744aebdf2"}
,"C:\\Users\\Евгения\\diplom\\mycloudfrontend\\src\\components\\Navbar.jsx": {"path":"C:\\Users\\Евгения\\diplom\\mycloudfrontend\\src\\components\\Navbar.jsx","statementMap":{"0":{"start":{"line":30,"column":19},"end":{"line":30,"column":25}},"1":{"start":{"line":31,"column":17},"end":{"line":31,"column":27}},"2":{"start":{"line":33,"column":15},"end":{"line":180,"column":1}},"3":{"start":{"line":34,"column":19},"end":{"line":34,"column":32}},"4":{"start":{"line":35,"column":19},"end":{"line":35,"column":32}},"5":{"start":{"line":36,"column":19},"end":{"line":36,"column":32}},"6":{"start":{"line":37,"column":36},"end":{"line":37,"column":68}},"7":{"start":{"line":37,"column":57},"end":{"line":37,"column":67}},"8":{"start":{"line":38,"column":52},"end":{"line":38,"column":67}},"9":{"start":{"line":39,"column":34},"end":{"line":39,"column":49}},"10":{"start":{"line":41,"column":2},"end":{"line":51,"column":9}},"11":{"start":{"line":42,"column":25},"end":{"line":47,"column":5}},"12":{"start":{"line":43,"column":6},"end":{"line":43,"column":43}},"13":{"start":{"line":44,"column":6},"end":{"line":46,"column":7}},"14":{"start":{"line":45,"column":8},"end":{"line":45,"column":36}},"15":{"start":{"line":48,"column":4},"end":{"line":48,"column":19}},"16":{"start":{"line":49,"column":4},"end":{"line":49,"column":52}},"17":{"start":{"line":50,"column":4},"end":{"line":50,"column":68}},"18":{"start":{"line":50,"column":17},"end":{"line":50,"column":67}},"19":{"start":{"line":53,"column":33},"end":{"line":53,"column":49}},"20":{"start":{"line":55,"column":23},"end":{"line":69,"column":3}},"21":{"start":{"line":56,"column":4},"end":{"line":68,"column":7}},"22":{"start":{"line":63,"column":8},"end":{"line":63,"column":46}},"23":{"start":{"line":64,"column":8},"end":{"line":64,"column":27}},"24":{"start":{"line":65,"column":8},"end":{"line":65,"column":27}},"25":{"start":{"line":66,"column":8},"end":{"line":66,"column":36}},"26":{"start":{"line":71,"column":24},"end":{"line":76,"column":3}},"27":{"start":{"line":72,"column":85},"end":{"line":72,"column":106}},"28":{"start":{"line":72,"column":107},"end":{"line":72,"column":135}},"29":{"start":{"line":73,"column":87},"end":{"line":73,"column":109}},"30":{"start":{"line":73,"column":110},"end":{"line":73,"column":138}},"31":{"start":{"line":78,"column":23},"end":{"line":100,"column":3}},"32":{"start":{"line":79,"column":18},"end":{"line":79,"column":98}},"33":{"start":{"line":80,"column":4},"end":{"line":98,"column":5}},"34":{"start":{"line":81,"column":6},"end":{"line":84,"column":8}},"35":{"start":{"line":86,"column":6},"end":{"line":86,"column":115}},"36":{"start":{"line":87,"column":6},"end":{"line":97,"column":7}},"37":{"start":{"line":88,"column":8},"end":{"line":96,"column":11}},"38":{"start":{"line":99,"column":4},"end":{"line":99,"column":17}},"39":{"start":{"line":102,"column":26},"end":{"line":105,"column":3}},"40":{"start":{"line":103,"column":4},"end":{"line":103,"column":18}},"41":{"start":{"line":104,"column":4},"end":{"line":104,"column":32}},"42":{"start":{"line":107,"column":23},"end":{"line":107,"column":42}},"43":{"start":{"line":108,"column":20},"end":{"line":108,"column":34}},"44":{"start":{"line":110,"column":2},"end":{"line":179,"column":4}},"45":{"start":{"line":149,"column":73},"end":{"line":149,"column":99}},"46":{"start":{"line":157,"column":25},"end":{"line":157,"column":52}}},"fnMap":{"0":{"name":"(anonymous_0)","decl":{"start":{"line":33,"column":15},"end":{"line":33,"column":16}},"loc":{"start":{"line":33,"column":21},"end":{"line":180,"column":1}},"line":33},"1":{"name":"(anonymous_1)","decl":{"start":{"line":37,"column":48},"end":{"line":37,"column":49}},"loc":{"start":{"line":37,"column":57},"end":{"line":37,"column":67}},"line":37},"2":{"name":"(anonymous_2)","decl":{"start":{"line":41,"column":12},"end":{"line":41,"column":13}},"loc":{"start":{"line":41,"column":18},"end":{"line":51,"column":3}},"line":41},"3":{"name":"(anonymous_3)","decl":{"start":{"line":42,"column":25},"end":{"line":42,"column":26}},"loc":{"start":{"line":42,"column":31},"end":{"line":47,"column":5}},"line":42},"4":{"name":"(anonymous_4)","decl":{"start":{"line":50,"column":11},"end":{"line":50,"column":12}},"loc":{"start":{"line":50,"column":17},"end":{"line":50,"column":67}},"line":50},"5":{"name":"(anonymous_5)","decl":{"start":{"line":55,"column":23},"end":{"line":55,"column":24}},"loc":{"start":{"line":55,"column":29},"end":{"line":69,"column":3}},"line":55},"6":{"name":"(anonymous_6)","decl":{"start":{"line":62,"column":6},"end":{"line":62,"column":7}},"loc":{"start":{"line":62,"column":19},"end":{"line":67,"column":7}},"line":62},"7":{"name":"(anonymous_7)","decl":{"start":{"line":72,"column":77},"end":{"line":72,"column":78}},"loc":{"start":{"line":72,"column":83},"end":{"line":72,"column":137}},"line":72},"8":{"name":"(anonymous_8)","decl":{"start":{"line":73,"column":79},"end":{"line":73,"column":80}},"loc":{"start":{"line":73,"column":85},"end":{"line":73,"column":140}},"line":73},"9":{"name":"(anonymous_9)","decl":{"start":{"line":78,"column":23},"end":{"line":78,"column":24}},"loc":{"start":{"line":78,"column":29},"end":{"line":100,"column":3}},"line":78},"10":{"name":"(anonymous_10)","decl":{"start":{"line":102,"column":26},"end":{"line":102,"column":27}},"loc":{"start":{"line":102,"column":39},"end":{"line":105,"column":3}},"line":102},"11":{"name":"(anonymous_11)","decl":{"start":{"line":149,"column":67},"end":{"line":149,"column":68}},"loc":{"start":{"line":149,"column":73},"end":{"line":149,"column":99}},"line":149},"12":{"name":"(anonymous_12)","decl":{"start":{"line":157,"column":19},"end":{"line":157,"column":20}},"loc":{"start":{"line":157,"column":25},"end":{"line":157,"column":52}},"line":157}},"branchMap":{"0":{"loc":{"start":{"line":44,"column":6},"end":{"line":46,"column":7}},"type":"if","locations":[{"start":{"line":44,"column":6},"end":{"line":46,"column":7}},{"start":{},"end":{}}],"line":44},"1":{"loc":{"start":{"line":80,"column":4},"end":{"line":98,"column":5}},"type":"if","locations":[{"start":{"line":80,"column":4},"end":{"line":98,"column":5}},{"start":{"line":85,"column":11},"end":{"line":98,"column":5}}],"line":80},"2":{"loc":{"start":{"line":87,"column":6},"end":{"line":97,"column":7}},"type":"if","locations":[{"start":{"line":87,"column":6},"end":{"line":97,"column":7}},{"start":{},"end":{}}],"line":87},"3":{"loc":{"start":{"line":120,"column":11},"end":{"line":132,"column":11}},"type":"binary-expr","locations":[{"start":{"line":120,"column":11},"end":{"line":120,"column":20}},{"start":{"line":121,"column":12},"end":{"line":131,"column":14}}],"line":120},"4":{"loc":{"start":{"line":135,"column":13},"end":{"line":147,"column":13}},"type":"binary-expr","locations":[{"start":{"line":135,"column":13},"end":{"line":135,"column":28}},{"start":{"line":135,"column":32},"end":{"line":135,"column":41}},{"start":{"line":136,"column":14},"end":{"line":146,"column":17}}],"line":135},"5":{"loc":{"start":{"line":143,"column":53},"end":{"line":143,"column":86}},"type":"binary-expr","locations":[{"start":{"line":143,"column":53},"end":{"line":143,"column":68}},{"start":{"line":143,"column":72},"end":{"line":143,"column":86}}],"line":143},"6":{"loc":{"start":{"line":148,"column":13},"end":{"line":150,"column":13}},"type":"binary-expr","locations":[{"start":{"line":148,"column":13},"end":{"line":148,"column":21}},{"start":{"line":149,"column":14},"end":{"line":149,"column":164}}],"line":148},"7":{"loc":{"start":{"line":161,"column":11},"end":{"line":171,"column":11}},"type":"binary-expr","locations":[{"start":{"line":161,"column":11},"end":{"line":161,"column":26}},{"start":{"line":162,"column":12},"end":{"line":170,"column":18}}],"line":161},"8":{"loc":{"start":{"line":166,"column":32},"end":{"line":166,"column":65}},"type":"binary-expr","locations":[{"start":{"line":166,"column":32},"end":{"line":166,"column":47}},{"start":{"line":166,"column":51},"end":{"line":166,"column":65}}],"line":166},"9":{"loc":{"start":{"line":173,"column":11},"end":{"line":175,"column":11}},"type":"binary-expr","locations":[{"start":{"line":173,"column":11},"end":{"line":173,"column":26}},{"start":{"line":174,"column":12},"end":{"line":174,"column":97}}],"line":173}},"s":{"0":2,"1":2,"2":2,"3":9,"4":8,"5":8,"6":8,"7":14,"8":8,"9":8,"10":8,"11":2,"12":2,"13":2,"14":2,"15":2,"16":2,"17":2,"18":2,"19":8,"20":8,"21":1,"22":1,"23":1,"24":1,"25":1,"26":8,"27":0,"28":0,"29":0,"30":0,"31":8,"32":8,"33":8,"34":5,"35":3,"36":3,"37":0,"38":8,"39":8,"40":0,"41":0,"42":8,"43":8,"44":8,"45":0,"46":0},"f":{"0":9,"1":14,"2":2,"3":2,"4":2,"5":1,"6":1,"7":0,"8":0,"9":8,"10":0,"11":0,"12":0},"b":{"0":[2,0],"1":[5,3],"2":[0,3],"3":[8,8],"4":[8,3,3],"5":[3,3],"6":[8,0],"7":[8,3],"8":[3,3],"9":[8,3]},"_coverageSchema":"1a1c01bbd47fc00a2c39e90264f33305004495a9","hash":"a45e62c166c996b4bd662728c52940b5cf953b65"}
,"C:\\Users\\Евгения\\diplom\\mycloudfrontend\\src\\components\\PrivateRoute.jsx": {"path":"C:\\Users\\Евгения\\diplom\\mycloudfrontend\\src\\components\\PrivateRoute.jsx","statementMap":{"0":{"start":{"line":7,"column":21},"end":{"line":103,"column":1}},"1":{"start":{"line":12,"column":19},"end":{"line":12,"column":32}},"2":{"start":{"line":17,"column":6},"end":{"line":17,"column":38}},"3":{"start":{"line":17,"column":27},"end":{"line":17,"column":37}},"4":{"start":{"line":19,"column":32},"end":{"line":19,"column":47}},"5":{"start":{"line":22,"column":2},"end":{"line":28,"column":9}},"6":{"start":{"line":23,"column":18},"end":{"line":25,"column":11}},"7":{"start":{"line":24,"column":6},"end":{"line":24,"column":23}},"8":{"start":{"line":27,"column":4},"end":{"line":27,"column":37}},"9":{"start":{"line":27,"column":17},"end":{"line":27,"column":36}},"10":{"start":{"line":31,"column":24},"end":{"line":40,"column":3}},"11":{"start":{"line":32,"column":4},"end":{"line":32,"column":28}},"12":{"start":{"line":32,"column":15},"end":{"line":32,"column":28}},"13":{"start":{"line":35,"column":4},"end":{"line":37,"column":5}},"14":{"start":{"line":36,"column":6},"end":{"line":36,"column":19}},"15":{"start":{"line":39,"column":4},"end":{"line":39,"column":16}},"16":{"start":{"line":43,"column":2},"end":{"line":55,"column":3}},"17":{"start":{"line":44,"column":4},"end":{"line":54,"column":6}},"18":{"start":{"line":58,"column":2},"end":{"line":69,"column":3}},"19":{"start":{"line":59,"column":4},"end":{"line":68,"column":6}},"20":{"start":{"line":72,"column":2},"end":{"line":99,"column":3}},"21":{"start":{"line":73,"column":4},"end":{"line":98,"column":6}},"22":{"start":{"line":87,"column":29},"end":{"line":87,"column":50}},"23":{"start":{"line":92,"column":35},"end":{"line":92,"column":61}},"24":{"start":{"line":102,"column":2},"end":{"line":102,"column":18}},"25":{"start":{"line":106,"column":26},"end":{"line":110,"column":1}},"26":{"start":{"line":107,"column":2},"end":{"line":109,"column":17}}},"fnMap":{"0":{"name":"(anonymous_0)","decl":{"start":{"line":7,"column":21},"end":{"line":7,"column":22}},"loc":{"start":{"line":11,"column":6},"end":{"line":103,"column":1}},"line":11},"1":{"name":"(anonymous_1)","decl":{"start":{"line":17,"column":18},"end":{"line":17,"column":19}},"loc":{"start":{"line":17,"column":27},"end":{"line":17,"column":37}},"line":17},"2":{"name":"(anonymous_2)","decl":{"start":{"line":22,"column":12},"end":{"line":22,"column":13}},"loc":{"start":{"line":22,"column":18},"end":{"line":28,"column":3}},"line":22},"3":{"name":"(anonymous_3)","decl":{"start":{"line":23,"column":29},"end":{"line":23,"column":30}},"loc":{"start":{"line":23,"column":35},"end":{"line":25,"column":5}},"line":23},"4":{"name":"(anonymous_4)","decl":{"start":{"line":27,"column":11},"end":{"line":27,"column":12}},"loc":{"start":{"line":27,"column":17},"end":{"line":27,"column":36}},"line":27},"5":{"name":"(anonymous_5)","decl":{"start":{"line":31,"column":24},"end":{"line":31,"column":25}},"loc":{"start":{"line":31,"column":30},"end":{"line":40,"column":3}},"line":31},"6":{"name":"(anonymous_6)","decl":{"start":{"line":87,"column":23},"end":{"line":87,"column":24}},"loc":{"start":{"line":87,"column":29},"end":{"line":87,"column":50}},"line":87},"7":{"name":"(anonymous_7)","decl":{"start":{"line":92,"column":29},"end":{"line":92,"column":30}},"loc":{"start":{"line":92,"column":35},"end":{"line":92,"column":61}},"line":92},"8":{"name":"(anonymous_8)","decl":{"start":{"line":106,"column":26},"end":{"line":106,"column":27}},"loc":{"start":{"line":107,"column":2},"end":{"line":109,"column":17}},"line":107}},"branchMap":{"0":{"loc":{"start":{"line":9,"column":2},"end":{"line":9,"column":22}},"type":"default-arg","locations":[{"start":{"line":9,"column":17},"end":{"line":9,"column":22}}],"line":9},"1":{"loc":{"start":{"line":10,"column":2},"end":{"line":10,"column":25}},"type":"default-arg","locations":[{"start":{"line":10,"column":17},"end":{"line":10,"column":25}}],"line":10},"2":{"loc":{"start":{"line":32,"column":4},"end":{"line":32,"column":28}},"type":"if","locations":[{"start":{"line":32,"column":4},"end":{"line":32,"column":28}},{"start":{},"end":{}}],"line":32},"3":{"loc":{"start":{"line":35,"column":4},"end":{"line":37,"column":5}},"type":"if","locations":[{"start":{"line":35,"column":4},"end":{"line":37,"column":5}},{"start":{},"end":{}}],"line":35},"4":{"loc":{"start":{"line":35,"column":8},"end":{"line":35,"column":45}},"type":"binary-expr","locations":[{"start":{"line":35,"column":8},"end":{"line":35,"column":20}},{"start":{"line":35,"column":24},"end":{"line":35,"column":45}}],"line":35},"5":{"loc":{"start":{"line":43,"column":2},"end":{"line":55,"column":3}},"type":"if","locations":[{"start":{"line":43,"column":2},"end":{"line":55,"column":3}},{"start":{},"end":{}}],"line":43},"6":{"loc":{"start":{"line":43,"column":6},"end":{"line":43,"column":25}},"type":"binary-expr","locations":[{"start":{"line":43,"column":6},"end":{"line":43,"column":13}},{"start":{"line":43,"column":17},"end":{"line":43,"column":25}}],"line":43},"7":{"loc":{"start":{"line":58,"column":2},"end":{"line":69,"column":3}},"type":"if","locations":[{"start":{"line":58,"column":2},"end":{"line":69,"column":3}},{"start":{},"end":{}}],"line":58},"8":{"loc":{"start":{"line":72,"column":2},"end":{"line":99,"column":3}},"type":"if","locations":[{"start":{"line":72,"column":2},"end":{"line":99,"column":3}},{"start":{},"end":{}}],"line":72},"9":{"loc":{"start":{"line":78,"column":10},"end":{"line":80,"column":54}},"type":"cond-expr","locations":[{"start":{"line":79,"column":14},"end":{"line":79,"column":75}},{"start":{"line":80,"column":14},"end":{"line":80,"column":54}}],"line":78},"10":{"loc":{"start":{"line":82,"column":14},"end":{"line":82,"column":64}},"type":"cond-expr","locations":[{"start":{"line":82,"column":29},"end":{"line":82,"column":45}},{"start":{"line":82,"column":48},"end":{"line":82,"column":64}}],"line":82}},"s":{"0":1,"1":0,"2":0,"3":0,"4":0,"5":0,"6":0,"7":0,"8":0,"9":0,"10":0,"11":0,"12":0,"13":0,"14":0,"15":0,"16":0,"17":0,"18":0,"19":0,"20":0,"21":0,"22":0,"23":0,"24":0,"25":1,"26":0},"f":{"0":0,"1":0,"2":0,"3":0,"4":0,"5":0,"6":0,"7":0,"8":0},"b":{"0":[0],"1":[0],"2":[0,0],"3":[0,0],"4":[0,0],"5":[0,0],"6":[0,0],"7":[0,0],"8":[0,0],"9":[0,0],"10":[0,0]},"_coverageSchema":"1a1c01bbd47fc00a2c39e90264f33305004495a9","hash":"abe0808401d1e87769e0e91c48814298102f58d7"}
,"C:\\Users\\Евгения\\diplom\\mycloudfrontend\\src\\hooks\\useIsMobile.js": {"path":"C:\\Users\\Евгения\\diplom\\mycloudfrontend\\src\\hooks\\useIsMobile.js","statementMap":{"0":{"start":{"line":3,"column":27},"end":{"line":30,"column":1}},"1":{"start":{"line":4,"column":34},"end":{"line":10,"column":4}},"2":{"start":{"line":6,"column":4},"end":{"line":8,"column":5}},"3":{"start":{"line":7,"column":6},"end":{"line":7,"column":44}},"4":{"start":{"line":9,"column":4},"end":{"line":9,"column":17}},"5":{"start":{"line":12,"column":2},"end":{"line":27,"column":19}},"6":{"start":{"line":13,"column":25},"end":{"line":15,"column":5}},"7":{"start":{"line":14,"column":6},"end":{"line":14,"column":50}},"8":{"start":{"line":18,"column":4},"end":{"line":18,"column":52}},"9":{"start":{"line":21,"column":4},"end":{"line":21,"column":19}},"10":{"start":{"line":24,"column":4},"end":{"line":26,"column":6}},"11":{"start":{"line":25,"column":6},"end":{"line":25,"column":57}},"12":{"start":{"line":29,"column":2},"end":{"line":29,"column":18}}},"fnMap":{"0":{"name":"(anonymous_0)","decl":{"start":{"line":3,"column":27},"end":{"line":3,"column":28}},"loc":{"start":{"line":3,"column":49},"end":{"line":30,"column":1}},"line":3},"1":{"name":"(anonymous_1)","decl":{"start":{"line":4,"column":43},"end":{"line":4,"column":44}},"loc":{"start":{"line":4,"column":49},"end":{"line":10,"column":3}},"line":4},"2":{"name":"(anonymous_2)","decl":{"start":{"line":12,"column":12},"end":{"line":12,"column":13}},"loc":{"start":{"line":12,"column":18},"end":{"line":27,"column":3}},"line":12},"3":{"name":"(anonymous_3)","decl":{"start":{"line":13,"column":25},"end":{"line":13,"column":26}},"loc":{"start":{"line":13,"column":31},"end":{"line":15,"column":5}},"line":13},"4":{"name":"(anonymous_4)","decl":{"start":{"line":24,"column":11},"end":{"line":24,"column":12}},"loc":{"start":{"line":24,"column":17},"end":{"line":26,"column":5}},"line":24}},"branchMap":{"0":{"loc":{"start":{"line":3,"column":28},"end":{"line":3,"column":44}},"type":"default-arg","locations":[{"start":{"line":3,"column":41},"end":{"line":3,"column":44}}],"line":3},"1":{"loc":{"start":{"line":6,"column":4},"end":{"line":8,"column":5}},"type":"if","locations":[{"start":{"line":6,"column":4},"end":{"line":8,"column":5}},{"start":{},"end":{}}],"line":6}},"s":{"0":2,"1":8,"2":6,"3":6,"4":0,"5":8,"6":6,"7":8,"8":6,"9":6,"10":6,"11":6,"12":8},"f":{"0":8,"1":6,"2":6,"3":8,"4":6},"b":{"0":[6],"1":[6,0]},"_coverageSchema":"1a1c01bbd47fc00a2c39e90264f33305004495a9","hash":"02bace0189d835b8b8e7ef482138c78199b66edb"}
,"C:\\Users\\Евгения\\diplom\\mycloudfrontend\\src\\pages\\AdminPage.jsx": {"path":"C:\\Users\\Евгения\\diplom\\mycloudfrontend\\src\\pages\\AdminPage.jsx","statementMap":{"0":{"start":{"line":8,"column":18},"end":{"line":8,"column":28}},"1":{"start":{"line":11,"column":19},"end":{"line":11,"column":32}},"2":{"start":{"line":12,"column":19},"end":{"line":12,"column":32}},"3":{"start":{"line":15,"column":62},"end":{"line":15,"column":101}},"4":{"start":{"line":15,"column":83},"end":{"line":15,"column":100}},"5":{"start":{"line":16,"column":22},"end":{"line":16,"column":59}},"6":{"start":{"line":16,"column":43},"end":{"line":16,"column":58}},"7":{"start":{"line":18,"column":2},"end":{"line":20,"column":17}},"8":{"start":{"line":19,"column":4},"end":{"line":19,"column":27}},"9":{"start":{"line":22,"column":23},"end":{"line":30,"column":3}},"10":{"start":{"line":23,"column":4},"end":{"line":29,"column":5}},"11":{"start":{"line":24,"column":6},"end":{"line":28,"column":7}},"12":{"start":{"line":25,"column":8},"end":{"line":25,"column":48}},"13":{"start":{"line":27,"column":8},"end":{"line":27,"column":60}},"14":{"start":{"line":32,"column":28},"end":{"line":38,"column":3}},"15":{"start":{"line":33,"column":4},"end":{"line":37,"column":5}},"16":{"start":{"line":34,"column":6},"end":{"line":34,"column":77}},"17":{"start":{"line":36,"column":6},"end":{"line":36,"column":66}},"18":{"start":{"line":41,"column":26},"end":{"line":43,"column":3}},"19":{"start":{"line":42,"column":4},"end":{"line":42,"column":43}},"20":{"start":{"line":45,"column":2},"end":{"line":51,"column":3}},"21":{"start":{"line":46,"column":4},"end":{"line":50,"column":6}},"22":{"start":{"line":53,"column":2},"end":{"line":64,"column":3}},"23":{"start":{"line":54,"column":4},"end":{"line":63,"column":6}},"24":{"start":{"line":66,"column":18},"end":{"line":163,"column":3}},"25":{"start":{"line":72,"column":24},"end":{"line":72,"column":35}},"26":{"start":{"line":79,"column":24},"end":{"line":79,"column":60}},"27":{"start":{"line":86,"column":24},"end":{"line":86,"column":35}},"28":{"start":{"line":93,"column":24},"end":{"line":93,"column":35}},"29":{"start":{"line":101,"column":8},"end":{"line":101,"column":30}},"30":{"start":{"line":101,"column":19},"end":{"line":101,"column":30}},"31":{"start":{"line":102,"column":21},"end":{"line":102,"column":35}},"32":{"start":{"line":103,"column":8},"end":{"line":103,"column":48}},"33":{"start":{"line":105,"column":24},"end":{"line":105,"column":73}},"34":{"start":{"line":112,"column":8},"end":{"line":119,"column":10}},"35":{"start":{"line":115,"column":26},"end":{"line":115,"column":71}},"36":{"start":{"line":125,"column":35},"end":{"line":125,"column":60}},"37":{"start":{"line":132,"column":8},"end":{"line":140,"column":17}},"38":{"start":{"line":135,"column":25},"end":{"line":135,"column":51}},"39":{"start":{"line":148,"column":8},"end":{"line":160,"column":16}},"40":{"start":{"line":155,"column":27},"end":{"line":155,"column":50}},"41":{"start":{"line":165,"column":2},"end":{"line":223,"column":4}},"42":{"start":{"line":194,"column":18},"end":{"line":194,"column":69}},"43":{"start":{"line":203,"column":16},"end":{"line":203,"column":71}}},"fnMap":{"0":{"name":"AdminPage","decl":{"start":{"line":10,"column":24},"end":{"line":10,"column":33}},"loc":{"start":{"line":10,"column":36},"end":{"line":224,"column":1}},"line":10},"1":{"name":"(anonymous_1)","decl":{"start":{"line":15,"column":74},"end":{"line":15,"column":75}},"loc":{"start":{"line":15,"column":83},"end":{"line":15,"column":100}},"line":15},"2":{"name":"(anonymous_2)","decl":{"start":{"line":16,"column":34},"end":{"line":16,"column":35}},"loc":{"start":{"line":16,"column":43},"end":{"line":16,"column":58}},"line":16},"3":{"name":"(anonymous_3)","decl":{"start":{"line":18,"column":12},"end":{"line":18,"column":13}},"loc":{"start":{"line":18,"column":18},"end":{"line":20,"column":3}},"line":18},"4":{"name":"(anonymous_4)","decl":{"start":{"line":22,"column":23},"end":{"line":22,"column":24}},"loc":{"start":{"line":22,"column":37},"end":{"line":30,"column":3}},"line":22},"5":{"name":"(anonymous_5)","decl":{"start":{"line":32,"column":28},"end":{"line":32,"column":29}},"loc":{"start":{"line":32,"column":58},"end":{"line":38,"column":3}},"line":32},"6":{"name":"(anonymous_6)","decl":{"start":{"line":41,"column":26},"end":{"line":41,"column":27}},"loc":{"start":{"line":41,"column":38},"end":{"line":43,"column":3}},"line":41},"7":{"name":"(anonymous_7)","decl":{"start":{"line":72,"column":14},"end":{"line":72,"column":15}},"loc":{"start":{"line":72,"column":24},"end":{"line":72,"column":35}},"line":72},"8":{"name":"(anonymous_8)","decl":{"start":{"line":79,"column":14},"end":{"line":79,"column":15}},"loc":{"start":{"line":79,"column":24},"end":{"line":79,"column":60}},"line":79},"9":{"name":"(anonymous_9)","decl":{"start":{"line":86,"column":14},"end":{"line":86,"column":15}},"loc":{"start":{"line":86,"column":24},"end":{"line":86,"column":35}},"line":86},"10":{"name":"(anonymous_10)","decl":{"start":{"line":93,"column":14},"end":{"line":93,"column":15}},"loc":{"start":{"line":93,"column":24},"end":{"line":93,"column":35}},"line":93},"11":{"name":"(anonymous_11)","decl":{"start":{"line":100,"column":14},"end":{"line":100,"column":15}},"loc":{"start":{"line":100,"column":24},"end":{"line":104,"column":7}},"line":100},"12":{"name":"(anonymous_12)","decl":{"start":{"line":105,"column":14},"end":{"line":105,"column":15}},"loc":{"start":{"line":105,"column":24},"end":{"line":105,"column":73}},"line":105},"13":{"name":"(anonymous_13)","decl":{"start":{"line":111,"column":14},"end":{"line":111,"column":15}},"loc":{"start":{"line":112,"column":8},"end":{"line":119,"column":10}},"line":112},"14":{"name":"(anonymous_14)","decl":{"start":{"line":115,"column":20},"end":{"line":115,"column":21}},"loc":{"start":{"line":115,"column":26},"end":{"line":115,"column":71}},"line":115},"15":{"name":"(anonymous_15)","decl":{"start":{"line":125,"column":16},"end":{"line":125,"column":17}},"loc":{"start":{"line":125,"column":35},"end":{"line":125,"column":60}},"line":125},"16":{"name":"(anonymous_16)","decl":{"start":{"line":131,"column":14},"end":{"line":131,"column":15}},"loc":{"start":{"line":132,"column":8},"end":{"line":140,"column":17}},"line":132},"17":{"name":"(anonymous_17)","decl":{"start":{"line":135,"column":19},"end":{"line":135,"column":20}},"loc":{"start":{"line":135,"column":25},"end":{"line":135,"column":51}},"line":135},"18":{"name":"(anonymous_18)","decl":{"start":{"line":147,"column":14},"end":{"line":147,"column":15}},"loc":{"start":{"line":148,"column":8},"end":{"line":160,"column":16}},"line":148},"19":{"name":"(anonymous_19)","decl":{"start":{"line":155,"column":21},"end":{"line":155,"column":22}},"loc":{"start":{"line":155,"column":27},"end":{"line":155,"column":50}},"line":155},"20":{"name":"(anonymous_20)","decl":{"start":{"line":193,"column":27},"end":{"line":193,"column":28}},"loc":{"start":{"line":194,"column":18},"end":{"line":194,"column":69}},"line":194},"21":{"name":"(anonymous_21)","decl":{"start":{"line":202,"column":28},"end":{"line":202,"column":29}},"loc":{"start":{"line":203,"column":16},"end":{"line":203,"column":71}},"line":203}},"branchMap":{"0":{"loc":{"start":{"line":15,"column":16},"end":{"line":15,"column":26}},"type":"default-arg","locations":[{"start":{"line":15,"column":24},"end":{"line":15,"column":26}}],"line":15},"1":{"loc":{"start":{"line":15,"column":28},"end":{"line":15,"column":43}},"type":"default-arg","locations":[{"start":{"line":15,"column":38},"end":{"line":15,"column":43}}],"line":15},"2":{"loc":{"start":{"line":15,"column":45},"end":{"line":15,"column":57}},"type":"default-arg","locations":[{"start":{"line":15,"column":53},"end":{"line":15,"column":57}}],"line":15},"3":{"loc":{"start":{"line":15,"column":83},"end":{"line":15,"column":100}},"type":"binary-expr","locations":[{"start":{"line":15,"column":83},"end":{"line":15,"column":94}},{"start":{"line":15,"column":98},"end":{"line":15,"column":100}}],"line":15},"4":{"loc":{"start":{"line":23,"column":4},"end":{"line":29,"column":5}},"type":"if","locations":[{"start":{"line":23,"column":4},"end":{"line":29,"column":5}},{"start":{},"end":{}}],"line":23},"5":{"loc":{"start":{"line":45,"column":2},"end":{"line":51,"column":3}},"type":"if","locations":[{"start":{"line":45,"column":2},"end":{"line":51,"column":3}},{"start":{},"end":{}}],"line":45},"6":{"loc":{"start":{"line":53,"column":2},"end":{"line":64,"column":3}},"type":"if","locations":[{"start":{"line":53,"column":2},"end":{"line":64,"column":3}},{"start":{},"end":{}}],"line":53},"7":{"loc":{"start":{"line":86,"column":24},"end":{"line":86,"column":35}},"type":"binary-expr","locations":[{"start":{"line":86,"column":24},"end":{"line":86,"column":28}},{"start":{"line":86,"column":32},"end":{"line":86,"column":35}}],"line":86},"8":{"loc":{"start":{"line":93,"column":24},"end":{"line":93,"column":35}},"type":"binary-expr","locations":[{"start":{"line":93,"column":24},"end":{"line":93,"column":28}},{"start":{"line":93,"column":32},"end":{"line":93,"column":35}}],"line":93},"9":{"loc":{"start":{"line":101,"column":8},"end":{"line":101,"column":30}},"type":"if","locations":[{"start":{"line":101,"column":8},"end":{"line":101,"column":30}},{"start":{},"end":{}}],"line":101},"10":{"loc":{"start":{"line":156,"column":19},"end":{"line":156,"column":97}},"type":"cond-expr","locations":[{"start":{"line":156,"column":51},"end":{"line":156,"column":72}},{"start":{"line":156,"column":75},"end":{"line":156,"column":97}}],"line":156},"11":{"loc":{"start":{"line":172,"column":9},"end":{"line":211,"column":9}},"type":"cond-expr","locations":[{"start":{"line":173,"column":10},"end":{"line":179,"column":12}},{"start":{"line":181,"column":10},"end":{"line":210,"column":13}}],"line":172},"12":{"loc":{"start":{"line":203,"column":16},"end":{"line":203,"column":71}},"type":"cond-expr","locations":[{"start":{"line":203,"column":48},"end":{"line":203,"column":66}},{"start":{"line":203,"column":69},"end":{"line":203,"column":71}}],"line":203}},"s":{"0":2,"1":14,"2":14,"3":14,"4":14,"5":14,"6":14,"7":14,"8":13,"9":13,"10":2,"11":1,"12":1,"13":1,"14":13,"15":1,"16":1,"17":1,"18":13,"19":0,"20":13,"21":1,"22":12,"23":1,"24":11,"25":0,"26":0,"27":10,"28":10,"29":10,"30":10,"31":0,"32":0,"33":0,"34":10,"35":1,"36":0,"37":10,"38":0,"39":10,"40":2,"41":11,"42":0,"43":0},"f":{"0":14,"1":14,"2":14,"3":13,"4":2,"5":1,"6":0,"7":0,"8":0,"9":10,"10":10,"11":10,"12":0,"13":10,"14":1,"15":0,"16":10,"17":0,"18":10,"19":2,"20":0,"21":0},"b":{"0":[0],"1":[0],"2":[0],"3":[14,0],"4":[1,1],"5":[1,12],"6":[1,11],"7":[10,8],"8":[10,8],"9":[10,0],"10":[2,8],"11":[2,9],"12":[0,0]},"_coverageSchema":"1a1c01bbd47fc00a2c39e90264f33305004495a9","hash":"e74d1dded36b57198629d4adef70dfdf88b55f1a"}
,"C:\\Users\\Евгения\\diplom\\mycloudfrontend\\src\\pages\\LoginPage.jsx": {"path":"C:\\Users\\Евгения\\diplom\\mycloudfrontend\\src\\pages\\LoginPage.jsx","statementMap":{"0":{"start":{"line":8,"column":19},"end":{"line":8,"column":32}},"1":{"start":{"line":9,"column":46},"end":{"line":9,"column":70}},"2":{"start":{"line":9,"column":63},"end":{"line":9,"column":69}},"3":{"start":{"line":11,"column":2},"end":{"line":13,"column":3}},"4":{"start":{"line":12,"column":4},"end":{"line":12,"column":46}},"5":{"start":{"line":15,"column":19},"end":{"line":17,"column":3}},"6":{"start":{"line":16,"column":4},"end":{"line":16,"column":48}},"7":{"start":{"line":19,"column":2},"end":{"line":55,"column":4}}},"fnMap":{"0":{"name":"LoginPage","decl":{"start":{"line":7,"column":24},"end":{"line":7,"column":33}},"loc":{"start":{"line":7,"column":36},"end":{"line":56,"column":1}},"line":7},"1":{"name":"(anonymous_1)","decl":{"start":{"line":9,"column":58},"end":{"line":9,"column":59}},"loc":{"start":{"line":9,"column":63},"end":{"line":9,"column":69}},"line":9},"2":{"name":"(anonymous_2)","decl":{"start":{"line":15,"column":19},"end":{"line":15,"column":20}},"loc":{"start":{"line":15,"column":47},"end":{"line":17,"column":3}},"line":15}},"branchMap":{"0":{"loc":{"start":{"line":11,"column":2},"end":{"line":13,"column":3}},"type":"if","locations":[{"start":{"line":11,"column":2},"end":{"line":13,"column":3}},{"start":{},"end":{}}],"line":11},"1":{"loc":{"start":{"line":27,"column":7},"end":{"line":27,"column":83}},"type":"binary-expr","locations":[{"start":{"line":27,"column":7},"end":{"line":27,"column":12}},{"start":{"line":27,"column":16},"end":{"line":27,"column":83}}],"line":27}},"s":{"0":7,"1":7,"2":7,"3":7,"4":2,"5":5,"6":1,"7":5},"f":{"0":7,"1":7,"2":1},"b":{"0":[2,5],"1":[5,1]},"_coverageSchema":"1a1c01bbd47fc00a2c39e90264f33305004495a9","hash":"4726f96f7011c2e573642d2a7f05f27cf57e87e3"}
,"C:\\Users\\Евгения\\diplom\\mycloudfrontend\\src\\pages\\MainPage.jsx": {"path":"C:\\Users\\Евгения\\diplom\\mycloudfrontend\\src\\pages\\MainPage.jsx","statementMap":{"0":{"start":{"line":4,"column":29},"end":{"line":4,"column":39}},"1":{"start":{"line":7,"column":2},"end":{"line":12,"column":4}}},"fnMap":{"0":{"name":"MainPage","decl":{"start":{"line":6,"column":24},"end":{"line":6,"column":32}},"loc":{"start":{"line":6,"column":35},"end":{"line":13,"column":1}},"line":6}},"branchMap":{},"s":{"0":2,"1":2},"f":{"0":2},"b":{},"_coverageSchema":"1a1c01bbd47fc00a2c39e90264f33305004495a9","hash":"ce7fca612b4fb3da316226238f19e587919b7b0b"}
,"C:\\Users\\Евгения\\diplom\\mycloudfrontend\\src\\pages\\NotAuthorizedPage.jsx": {"path":"C:\\Users\\Евгения\\diplom\\mycloudfrontend\\src\\pages\\NotAuthorizedPage.jsx","statementMap":{"0":{"start":{"line":5,"column":26},"end":{"line":20,"column":1}},"1":{"start":{"line":6,"column":19},"end":{"line":6,"column":32}},"2":{"start":{"line":8,"column":2},"end":{"line":19,"column":4}},"3":{"start":{"line":14,"column":46},"end":{"line":14,"column":58}}},"fnMap":{"0":{"name":"(anonymous_0)","decl":{"start":{"line":5,"column":26},"end":{"line":5,"column":27}},"loc":{"start":{"line":5,"column":32},"end":{"line":20,"column":1}},"line":5},"1":{"name":"(anonymous_1)","decl":{"start":{"line":14,"column":40},"end":{"line":14,"column":41}},"loc":{"start":{"line":14,"column":46},"end":{"line":14,"column":58}},"line":14}},"branchMap":{},"s":{"0":2,"1":2,"2":2,"3":1},"f":{"0":2,"1":1},"b":{},"_coverageSchema":"1a1c01bbd47fc00a2c39e90264f33305004495a9","hash":"ed64be59c6dedd5bed4acf8dc937dd65323f9be7"}
,"C:\\Users\\Евгения\\diplom\\mycloudfrontend\\src\\pages\\RegisterPage.jsx": {"path":"C:\\Users\\Евгения\\diplom\\mycloudfrontend\\src\\pages\\RegisterPage.jsx","statementMap":{"0":{"start":{"line":8,"column":19},"end":{"line":8,"column":32}},"1":{"start":{"line":9,"column":46},"end":{"line":9,"column":70}},"2":{"start":{"line":9,"column":63},"end":{"line":9,"column":69}},"3":{"start":{"line":11,"column":2},"end":{"line":13,"column":3}},"4":{"start":{"line":12,"column":4},"end":{"line":12,"column":46}},"5":{"start":{"line":15,"column":19},"end":{"line":25,"column":3}},"6":{"start":{"line":17,"column":20},"end":{"line":23,"column":5}},"7":{"start":{"line":24,"column":4},"end":{"line":24,"column":36}},"8":{"start":{"line":27,"column":2},"end":{"line":122,"column":4}},"9":{"start":{"line":43,"column":18},"end":{"line":45,"column":24}},"10":{"start":{"line":103,"column":34},"end":{"line":110,"column":11}},"11":{"start":{"line":105,"column":14},"end":{"line":107,"column":15}},"12":{"start":{"line":106,"column":16},"end":{"line":106,"column":41}},"13":{"start":{"line":108,"column":14},"end":{"line":108,"column":71}}},"fnMap":{"0":{"name":"RegisterPage","decl":{"start":{"line":7,"column":24},"end":{"line":7,"column":36}},"loc":{"start":{"line":7,"column":39},"end":{"line":123,"column":1}},"line":7},"1":{"name":"(anonymous_1)","decl":{"start":{"line":9,"column":58},"end":{"line":9,"column":59}},"loc":{"start":{"line":9,"column":63},"end":{"line":9,"column":69}},"line":9},"2":{"name":"(anonymous_2)","decl":{"start":{"line":15,"column":19},"end":{"line":15,"column":20}},"loc":{"start":{"line":15,"column":29},"end":{"line":25,"column":3}},"line":15},"3":{"name":"(anonymous_3)","decl":{"start":{"line":42,"column":42},"end":{"line":42,"column":43}},"loc":{"start":{"line":43,"column":18},"end":{"line":45,"column":24}},"line":43},"4":{"name":"(anonymous_4)","decl":{"start":{"line":103,"column":10},"end":{"line":103,"column":11}},"loc":{"start":{"line":103,"column":34},"end":{"line":110,"column":11}},"line":103},"5":{"name":"(anonymous_5)","decl":{"start":{"line":104,"column":12},"end":{"line":104,"column":13}},"loc":{"start":{"line":104,"column":32},"end":{"line":109,"column":13}},"line":104}},"branchMap":{"0":{"loc":{"start":{"line":11,"column":2},"end":{"line":13,"column":3}},"type":"if","locations":[{"start":{"line":11,"column":2},"end":{"line":13,"column":3}},{"start":{},"end":{}}],"line":11},"1":{"loc":{"start":{"line":36,"column":7},"end":{"line":51,"column":7}},"type":"binary-expr","locations":[{"start":{"line":36,"column":7},"end":{"line":36,"column":12}},{"start":{"line":37,"column":8},"end":{"line":50,"column":10}}],"line":36},"2":{"loc":{"start":{"line":39,"column":19},"end":{"line":39,"column":75}},"type":"cond-expr","locations":[{"start":{"line":39,"column":47},"end":{"line":39,"column":52}},{"start":{"line":39,"column":55},"end":{"line":39,"column":75}}],"line":39},"3":{"loc":{"start":{"line":41,"column":12},"end":{"line":47,"column":20}},"type":"cond-expr","locations":[{"start":{"line":42,"column":16},"end":{"line":46,"column":18}},{"start":{"line":47,"column":16},"end":{"line":47,"column":20}}],"line":41},"4":{"loc":{"start":{"line":105,"column":14},"end":{"line":107,"column":15}},"type":"if","locations":[{"start":{"line":105,"column":14},"end":{"line":107,"column":15}},{"start":{},"end":{}}],"line":105},"5":{"loc":{"start":{"line":105,"column":18},"end":{"line":105,"column":63}},"type":"binary-expr","locations":[{"start":{"line":105,"column":18},"end":{"line":105,"column":24}},{"start":{"line":105,"column":28},"end":{"line":105,"column":63}}],"line":105}},"s":{"0":10,"1":10,"2":10,"3":10,"4":2,"5":8,"6":1,"7":1,"8":8,"9":2,"10":0,"11":0,"12":0,"13":0},"f":{"0":10,"1":10,"2":1,"3":2,"4":0,"5":0},"b":{"0":[2,8],"1":[8,2],"2":[1,1],"3":[1,1],"4":[0,0],"5":[0,0]},"_coverageSchema":"1a1c01bbd47fc00a2c39e90264f33305004495a9","hash":"b10d2cfb7a23ec5836d3d71ffe69033a60c956ce"}
,"C:\\Users\\Евгения\\diplom\\mycloudfrontend\\src\\pages\\StoragePage.jsx": {"path":"C:\\Users\\Евгения\\diplom\\mycloudfrontend\\src\\pages\\StoragePage.jsx","statementMap":{"0":{"start":{"line":16,"column":19},"end":{"line":16,"column":32}},"1":{"start":{"line":17,"column":48},"end":{"line":17,"column":81}},"2":{"start":{"line":17,"column":69},"end":{"line":17,"column":80}},"3":{"start":{"line":18,"column":19},"end":{"line":18,"column":32}},"4":{"start":{"line":20,"column":2},"end":{"line":22,"column":17}},"5":{"start":{"line":21,"column":4},"end":{"line":21,"column":27}},"6":{"start":{"line":24,"column":23},"end":{"line":26,"column":3}},"7":{"start":{"line":25,"column":4},"end":{"line":25,"column":29}},"8":{"start":{"line":28,"column":30},"end":{"line":30,"column":3}},"9":{"start":{"line":29,"column":4},"end":{"line":29,"column":53}},"10":{"start":{"line":32,"column":23},"end":{"line":34,"column":3}},"11":{"start":{"line":33,"column":4},"end":{"line":33,"column":46}},"12":{"start":{"line":36,"column":25},"end":{"line":50,"column":3}},"13":{"start":{"line":37,"column":4},"end":{"line":49,"column":5}},"14":{"start":{"line":38,"column":19},"end":{"line":38,"column":49}},"15":{"start":{"line":39,"column":18},"end":{"line":39,"column":43}},"16":{"start":{"line":40,"column":16},"end":{"line":40,"column":43}},"17":{"start":{"line":41,"column":6},"end":{"line":41,"column":19}},"18":{"start":{"line":42,"column":6},"end":{"line":42,"column":38}},"19":{"start":{"line":43,"column":6},"end":{"line":43,"column":35}},"20":{"start":{"line":44,"column":6},"end":{"line":44,"column":16}},"21":{"start":{"line":45,"column":6},"end":{"line":45,"column":17}},"22":{"start":{"line":46,"column":6},"end":{"line":46,"column":31}},"23":{"start":{"line":48,"column":6},"end":{"line":48,"column":44}},"24":{"start":{"line":52,"column":25},"end":{"line":60,"column":3}},"25":{"start":{"line":53,"column":4},"end":{"line":59,"column":5}},"26":{"start":{"line":54,"column":23},"end":{"line":54,"column":53}},"27":{"start":{"line":55,"column":19},"end":{"line":55,"column":55}},"28":{"start":{"line":56,"column":6},"end":{"line":56,"column":48}},"29":{"start":{"line":58,"column":6},"end":{"line":58,"column":45}},"30":{"start":{"line":62,"column":2},"end":{"line":134,"column":4}},"31":{"start":{"line":94,"column":12},"end":{"line":104,"column":14}},"32":{"start":{"line":118,"column":16},"end":{"line":127,"column":18}}},"fnMap":{"0":{"name":"StoragePage","decl":{"start":{"line":15,"column":24},"end":{"line":15,"column":35}},"loc":{"start":{"line":15,"column":38},"end":{"line":135,"column":1}},"line":15},"1":{"name":"(anonymous_1)","decl":{"start":{"line":17,"column":60},"end":{"line":17,"column":61}},"loc":{"start":{"line":17,"column":69},"end":{"line":17,"column":80}},"line":17},"2":{"name":"(anonymous_2)","decl":{"start":{"line":20,"column":12},"end":{"line":20,"column":13}},"loc":{"start":{"line":20,"column":18},"end":{"line":22,"column":3}},"line":20},"3":{"name":"(anonymous_3)","decl":{"start":{"line":24,"column":23},"end":{"line":24,"column":24}},"loc":{"start":{"line":24,"column":29},"end":{"line":26,"column":3}},"line":24},"4":{"name":"(anonymous_4)","decl":{"start":{"line":28,"column":30},"end":{"line":28,"column":31}},"loc":{"start":{"line":28,"column":51},"end":{"line":30,"column":3}},"line":28},"5":{"name":"(anonymous_5)","decl":{"start":{"line":32,"column":23},"end":{"line":32,"column":24}},"loc":{"start":{"line":32,"column":44},"end":{"line":34,"column":3}},"line":32},"6":{"name":"(anonymous_6)","decl":{"start":{"line":36,"column":25},"end":{"line":36,"column":26}},"loc":{"start":{"line":36,"column":39},"end":{"line":50,"column":3}},"line":36},"7":{"name":"(anonymous_7)","decl":{"start":{"line":52,"column":25},"end":{"line":52,"column":26}},"loc":{"start":{"line":52,"column":39},"end":{"line":60,"column":3}},"line":52},"8":{"name":"(anonymous_8)","decl":{"start":{"line":93,"column":20},"end":{"line":93,"column":21}},"loc":{"start":{"line":94,"column":12},"end":{"line":104,"column":14}},"line":94},"9":{"name":"(anonymous_9)","decl":{"start":{"line":117,"column":25},"end":{"line":117,"column":26}},"loc":{"start":{"line":118,"column":16},"end":{"line":127,"column":18}},"line":118}},"branchMap":{"0":{"loc":{"start":{"line":55,"column":19},"end":{"line":55,"column":55}},"type":"binary-expr","locations":[{"start":{"line":55,"column":19},"end":{"line":55,"column":38}},{"start":{"line":55,"column":42},"end":{"line":55,"column":55}}],"line":55},"1":{"loc":{"start":{"line":68,"column":7},"end":{"line":72,"column":7}},"type":"binary-expr","locations":[{"start":{"line":68,"column":7},"end":{"line":68,"column":14}},{"start":{"line":69,"column":8},"end":{"line":71,"column":14}}],"line":68},"2":{"loc":{"start":{"line":74,"column":7},"end":{"line":82,"column":7}},"type":"binary-expr","locations":[{"start":{"line":74,"column":7},"end":{"line":74,"column":12}},{"start":{"line":75,"column":8},"end":{"line":81,"column":10}}],"line":74},"3":{"loc":{"start":{"line":84,"column":7},"end":{"line":89,"column":7}},"type":"binary-expr","locations":[{"start":{"line":84,"column":7},"end":{"line":84,"column":15}},{"start":{"line":84,"column":19},"end":{"line":84,"column":37}},{"start":{"line":85,"column":8},"end":{"line":88,"column":10}}],"line":84},"4":{"loc":{"start":{"line":91,"column":7},"end":{"line":132,"column":7}},"type":"binary-expr","locations":[{"start":{"line":91,"column":7},"end":{"line":91,"column":15}},{"start":{"line":91,"column":19},"end":{"line":91,"column":35}},{"start":{"line":92,"column":8},"end":{"line":131,"column":9}}],"line":91},"5":{"loc":{"start":{"line":92,"column":8},"end":{"line":131,"column":9}},"type":"cond-expr","locations":[{"start":{"line":93,"column":10},"end":{"line":105,"column":12}},{"start":{"line":107,"column":10},"end":{"line":130,"column":18}}],"line":92}},"s":{"0":16,"1":16,"2":16,"3":16,"4":16,"5":15,"6":15,"7":1,"8":15,"9":1,"10":15,"11":1,"12":15,"13":0,"14":0,"15":0,"16":0,"17":0,"18":0,"19":0,"20":0,"21":0,"22":0,"23":0,"24":15,"25":0,"26":0,"27":0,"28":0,"29":0,"30":15,"31":1,"32":6},"f":{"0":16,"1":16,"2":15,"3":1,"4":1,"5":1,"6":0,"7":0,"8":1,"9":6},"b":{"0":[0,0],"1":[15,1],"2":[15,1],"3":[15,14,7],"4":[15,14,7],"5":[1,6]},"_coverageSchema":"1a1c01bbd47fc00a2c39e90264f33305004495a9","hash":"65cf69e587832b572d38066ac8a64c5b4922115b"}
[...]
lumn":75}},{"start":{},"end":{}}],"line":79},"14":{"loc":{"start":{"line":92,"column":2},"end":{"line":95,"column":3}},"type":"if","locations":[{"start":{"line":92,"column":2},"end":{"line":95,"column":3}},{"start":{},"end":{}}],"line":92},"15":{"loc":{"start":{"line":92,"column":6},"end":{"line":92,"column":33}},"type":"binary-expr","locations":[{"start":{"line":92,"column":6},"end":{"line":92,"column":17}},{"start":{"line":92,"column":21},"end":{"line":92,"column":33}}],"line":92},"16":{"loc":{"start":{"line":94,"column":4},"end":{"line":94,"column":75}},"type":"if","locations":[{"start":{"line":94,"column":4},"end":{"line":94,"column":75}},{"start":{},"end":{}}],"line":94},"17":{"loc":{"start":{"line":107,"column":12},"end":{"line":107,"column":74}},"type":"binary-expr","locations":[{"start":{"line":107,"column":12},"end":{"line":107,"column":26}},{"start":{"line":107,"column":30},"end":{"line":107,"column":74}}],"line":107},"18":{"loc":{"start":{"line":123,"column":2},"end":{"line":125,"column":3}},"type":"if","locations":[{"start":{"line":123,"column":2},"end":{"line":125,"column":3}},{"start":{},"end":{}}],"line":123},"19":{"loc":{"start":{"line":123,"column":6},"end":{"line":123,"column":36}},"type":"binary-expr","locations":[{"start":{"line":123,"column":6},"end":{"line":123,"column":18}},{"start":{"line":123,"column":22},"end":{"line":123,"column":36}}],"line":123},"20":{"loc":{"start":{"line":127,"column":2},"end":{"line":129,"column":3}},"type":"if","locations":[{"start":{"line":127,"column":2},"end":{"line":129,"column":3}},{"start":{},"end":{}}],"line":127},"21":{"loc":{"start":{"line":142,"column":17},"end":{"line":142,"column":47}},"type":"binary-expr","locations":[{"start":{"line":142,"column":17},"end":{"line":142,"column":29}},{"start":{"line":142,"column":33},"end":{"line":142,"column":47}}],"line":142},"22":{"loc":{"start":{"line":164,"column":34},"end":{"line":164,"column":47}},"type":"default-arg","locations":[{"start":{"line":164,"column":43},"end":{"line":164,"column":47}}],"line":164},"23":{"loc":{"start":{"line":165,"column":14},"end":{"line":165,"column":62}},"type":"cond-expr","locations":[{"start":{"line":165,"column":23},"end":{"line":165,"column":50}},{"start":{"line":165,"column":53},"end":{"line":165,"column":62}}],"line":165},"24":{"loc":{"start":{"line":170,"column":44},"end":{"line":170,"column":56}},"type":"default-arg","locations":[{"start":{"line":170,"column":54},"end":{"line":170,"column":56}}],"line":170},"25":{"loc":{"start":{"line":172,"column":2},"end":{"line":172,"column":65}},"type":"if","locations":[{"start":{"line":172,"column":2},"end":{"line":172,"column":65}},{"start":{},"end":{}}],"line":172},"26":{"loc":{"start":{"line":179,"column":6},"end":{"line":181,"column":7}},"type":"if","locations":[{"start":{"line":179,"column":6},"end":{"line":181,"column":7}},{"start":{},"end":{}}],"line":179},"27":{"loc":{"start":{"line":179,"column":10},"end":{"line":179,"column":42}},"type":"binary-expr","locations":[{"start":{"line":179,"column":10},"end":{"line":179,"column":28}},{"start":{"line":179,"column":32},"end":{"line":179,"column":42}}],"line":179},"28":{"loc":{"start":{"line":184,"column":6},"end":{"line":190,"column":7}},"type":"if","locations":[{"start":{"line":184,"column":6},"end":{"line":190,"column":7}},{"start":{},"end":{}}],"line":184},"29":{"loc":{"start":{"line":185,"column":8},"end":{"line":189,"column":9}},"type":"if","locations":[{"start":{"line":185,"column":8},"end":{"line":189,"column":9}},{"start":{"line":187,"column":15},"end":{"line":189,"column":9}}],"line":185},"30":{"loc":{"start":{"line":185,"column":12},"end":{"line":185,"column":49}},"type":"binary-expr","locations":[{"start":{"line":185,"column":12},"end":{"line":185,"column":29}},{"start":{"line":185,"column":33},"end":{"line":185,"column":49}}],"line":185},"31":{"loc":{"start":{"line":188,"column":75},"end":{"line":188,"column":125}},"type":"binary-expr","locations":[{"start":{"line":188,"column":75},"end":{"line":188,"column":85}},{"start":{"line":188,"column":89},"end":{"line":188,"column":98}},{"start":{"line":188,"column":102},"end":{"line":188,"column":125}}],"line":188},"32":{"loc":{"start":{"line":207,"column":71},"end":{"line":207,"column":132}},"type":"if","locations":[{"start":{"line":207,"column":71},"end":{"line":207,"column":132}},{"start":{},"end":{}}],"line":207},"33":{"loc":{"start":{"line":207,"column":269},"end":{"line":207,"column":394}},"type":"if","locations":[{"start":{"line":207,"column":269},"end":{"line":207,"column":394}},{"start":{},"end":{}}],"line":207},"34":{"loc":{"start":{"line":207,"column":350},"end":{"line":207,"column":391}},"type":"binary-expr","locations":[{"start":{"line":207,"column":350},"end":{"line":207,"column":360}},{"start":{"line":207,"column":362},"end":{"line":207,"column":391}}],"line":207},"35":{"loc":{"start":{"line":209,"column":154},"end":{"line":209,"column":196}},"type":"binary-expr","locations":[{"start":{"line":209,"column":154},"end":{"line":209,"column":165}},{"start":{"line":209,"column":167},"end":{"line":209,"column":196}}],"line":209},"36":{"loc":{"start":{"line":220,"column":42},"end":{"line":220,"column":52}},"type":"default-arg","locations":[{"start":{"line":220,"column":50},"end":{"line":220,"column":52}}],"line":220},"37":{"loc":{"start":{"line":220,"column":149},"end":{"line":220,"column":206}},"type":"binary-expr","locations":[{"start":{"line":220,"column":149},"end":{"line":220,"column":163}},{"start":{"line":220,"column":165},"end":{"line":220,"column":206}}],"line":220},"38":{"loc":{"start":{"line":220,"column":209},"end":{"line":220,"column":278}},"type":"if","locations":[{"start":{"line":220,"column":209},"end":{"line":220,"column":278}},{"start":{},"end":{}}],"line":220},"39":{"loc":{"start":{"line":220,"column":371},"end":{"line":220,"column":836}},"type":"if","locations":[{"start":{"line":220,"column":371},"end":{"line":220,"column":836}},{"start":{},"end":{}}],"line":220},"40":{"loc":{"start":{"line":220,"column":374},"end":{"line":220,"column":427}},"type":"binary-expr","locations":[{"start":{"line":220,"column":374},"end":{"line":220,"column":395}},{"start":{"line":220,"column":397},"end":{"line":220,"column":412}},{"start":{"line":220,"column":414},"end":{"line":220,"column":427}}],"line":220},"41":{"loc":{"start":{"line":220,"column":635},"end":{"line":220,"column":774}},"type":"if","locations":[{"start":{"line":220,"column":635},"end":{"line":220,"column":774}},{"start":{},"end":{}}],"line":220}},"s":{"0":6,"1":6,"2":6,"3":0,"4":0,"5":0,"6":0,"7":0,"8":0,"9":0,"10":0,"11":0,"12":0,"13":0,"14":0,"15":0,"16":0,"17":0,"18":0,"19":0,"20":0,"21":0,"22":0,"23":0,"24":0,"25":0,"26":0,"27":0,"28":1,"29":1,"30":1,"31":0,"32":1,"33":1,"34":0,"35":0,"36":0,"37":0,"38":0,"39":0,"40":0,"41":0,"42":0,"43":0,"44":0,"45":0,"46":0,"47":0,"48":1,"49":1,"50":1,"51":1,"52":1,"53":1,"54":1,"55":0,"56":0,"57":0,"58":0,"59":0,"60":0,"61":0,"62":0,"63":0,"64":0,"65":0,"66":0,"67":0,"68":0,"69":0,"70":0,"71":0,"72":0,"73":0,"74":0,"75":0,"76":0,"77":0,"78":0,"79":0,"80":0,"81":0,"82":0,"83":0,"84":0,"85":0,"86":0,"87":0,"88":0,"89":0,"90":0,"91":0,"92":0,"93":0,"94":0,"95":0,"96":0,"97":0,"98":0,"99":0,"100":0,"101":0,"102":0,"103":0,"104":0,"105":0,"106":0,"107":0,"108":0,"109":0,"110":0,"111":0,"112":0,"113":0,"114":0,"115":0,"116":0,"117":0,"118":0,"119":0,"120":0,"121":0,"122":0,"123":0,"124":0,"125":0,"126":0,"127":0,"128":0,"129":0,"130":0,"131":0,"132":0,"133":0,"134":0,"135":0,"136":0,"137":0,"138":0,"139":0,"140":0,"141":0,"142":0,"143":0,"144":6,"145":6,"146":6},"f":{"0":0,"1":1,"2":0,"3":1,"4":0,"5":0,"6":1,"7":0,"8":0,"9":0,"10":0,"11":0,"12":0,"13":0,"14":0,"15":0,"16":0,"17":0,"18":0,"19":0,"20":0,"21":0,"22":0,"23":0,"24":0,"25":0,"26":0,"27":0,"28":0,"29":0,"30":0,"31":0,"32":0},"b":{"0":[6,6],"1":[0,0],"2":[0,0],"3":[0,0],"4":[0,0],"5":[0,0],"6":[0,0],"7":[0,0],"8":[0,0],"9":[0,0],"10":[0,0],"11":[0,0],"12":[0,0],"13":[0,0],"14":[0,0],"15":[0,0],"16":[0,0],"17":[1,0],"18":[0,0],"19":[0,0],"20":[0,0],"21":[0,0],"22":[0],"23":[0,0],"24":[0],"25":[0,0],"26":[0,0],"27":[0,0],"28":[0,0],"29":[0,0],"30":[0,0],"31":[0,0,0],"32":[0,0],"33":[0,0],"34":[0,0],"35":[0,0],"36":[0],"37":[0,0],"38":[0,0],"39":[0,0],"40":[0,0,0],"41":[0,0]},"_coverageSchema":"1a1c01bbd47fc00a2c39e90264f33305004495a9","hash":"8b7160875c05411925c8e7a1c0d0ba80e4d4e9a9"}
,"C:\\Users\\Евгения\\diplom\\mycloudfrontend\\src\\utils\\auth.js": {"path":"C:\\Users\\Евгения\\diplom\\mycloudfrontend\\src\\utils\\auth.js","statementMap":{"0":{"start":{"line":14,"column":2},"end":{"line":14,"column":26}},"1":{"start":{"line":14,"column":13},"end":{"line":14,"column":26}},"2":{"start":{"line":17,"column":2},"end":{"line":17,"column":37}},"3":{"start":{"line":17,"column":25},"end":{"line":17,"column":37}},"4":{"start":{"line":20,"column":2},"end":{"line":20,"column":67}},"5":{"start":{"line":20,"column":55},"end":{"line":20,"column":67}},"6":{"start":{"line":23,"column":2},"end":{"line":23,"column":42}},"7":{"start":{"line":33,"column":2},"end":{"line":33,"column":38}},"8":{"start":{"line":33,"column":25},"end":{"line":33,"column":38}},"9":{"start":{"line":34,"column":2},"end":{"line":34,"column":62}},"10":{"start":{"line":44,"column":2},"end":{"line":44,"column":62}},"11":{"start":{"line":53,"column":2},"end":{"line":53,"column":28}},"12":{"start":{"line":53,"column":13},"end":{"line":53,"column":28}},"13":{"start":{"line":55,"column":2},"end":{"line":55,"column":52}},"14":{"start":{"line":55,"column":25},"end":{"line":55,"column":52}},"15":{"start":{"line":56,"column":2},"end":{"line":56,"column":69}},"16":{"start":{"line":56,"column":46},"end":{"line":56,"column":69}},"17":{"start":{"line":58,"column":2},"end":{"line":58,"column":24}},"18":{"start":{"line":68,"column":2},"end":{"line":68,"column":37}},"19":{"start":{"line":77,"column":2},"end":{"line":77,"column":32}},"20":{"start":{"line":77,"column":20},"end":{"line":77,"column":32}},"21":{"start":{"line":78,"column":2},"end":{"line":78,"column":35}},"22":{"start":{"line":88,"column":2},"end":{"line":88,"column":32}},"23":{"start":{"line":88,"column":20},"end":{"line":88,"column":32}},"24":{"start":{"line":89,"column":2},"end":{"line":89,"column":53}},"25":{"start":{"line":98,"column":2},"end":{"line":98,"column":36}},"26":{"start":{"line":107,"column":2},"end":{"line":107,"column":24}},"27":{"start":{"line":107,"column":13},"end":{"line":107,"column":24}},"28":{"start":{"line":109,"column":2},"end":{"line":111,"column":3}},"29":{"start":{"line":110,"column":4},"end":{"line":110,"column":69}},"30":{"start":{"line":113,"column":2},"end":{"line":115,"column":3}},"31":{"start":{"line":114,"column":4},"end":{"line":114,"column":51}},"32":{"start":{"line":117,"column":2},"end":{"line":117,"column":13}},"33":{"start":{"line":126,"column":2},"end":{"line":126,"column":47}},"34":{"start":{"line":126,"column":13},"end":{"line":126,"column":47}},"35":{"start":{"line":128,"column":2},"end":{"line":130,"column":3}},"36":{"start":{"line":129,"column":4},"end":{"line":129,"column":50}},"37":{"start":{"line":132,"column":2},"end":{"line":134,"column":3}},"38":{"start":{"line":133,"column":4},"end":{"line":133,"column":27}},"39":{"start":{"line":136,"column":2},"end":{"line":136,"column":41}},"40":{"start":{"line":145,"column":2},"end":{"line":150,"column":4}},"41":{"start":{"line":154,"column":18},"end":{"line":166,"column":1}}},"fnMap":{"0":{"name":"hasAccess","decl":{"start":{"line":12,"column":16},"end":{"line":12,"column":25}},"loc":{"start":{"line":12,"column":46},"end":{"line":24,"column":1}},"line":12},"1":{"name":"isOwner","decl":{"start":{"line":32,"column":16},"end":{"line":32,"column":23}},"loc":{"start":{"line":32,"column":39},"end":{"line":35,"column":1}},"line":32},"2":{"name":"canEdit","decl":{"start":{"line":43,"column":16},"end":{"line":43,"column":23}},"loc":{"start":{"line":43,"column":39},"end":{"line":45,"column":1}},"line":43},"3":{"name":"getUserRoleDisplay","decl":{"start":{"line":52,"column":16},"end":{"line":52,"column":34}},"loc":{"start":{"line":52,"column":41},"end":{"line":59,"column":1}},"line":52},"4":{"name":"isLoggedIn","decl":{"start":{"line":67,"column":16},"end":{"line":67,"column":26}},"loc":{"start":{"line":67,"column":50},"end":{"line":69,"column":1}},"line":67},"5":{"name":"isTokenExpired","decl":{"start":{"line":76,"column":16},"end":{"line":76,"column":30}},"loc":{"start":{"line":76,"column":44},"end":{"line":79,"column":1}},"line":76},"6":{"name":"shouldRefreshToken","decl":{"start":{"line":87,"column":16},"end":{"line":87,"column":34}},"loc":{"start":{"line":87,"column":79},"end":{"line":90,"column":1}},"line":87},"7":{"name":"isAdmin","decl":{"start":{"line":97,"column":16},"end":{"line":97,"column":23}},"loc":{"start":{"line":97,"column":30},"end":{"line":99,"column":1}},"line":97},"8":{"name":"getUserInitials","decl":{"start":{"line":106,"column":16},"end":{"line":106,"column":31}},"loc":{"start":{"line":106,"column":38},"end":{"line":118,"column":1}},"line":106},"9":{"name":"getFullName","decl":{"start":{"line":125,"column":16},"end":{"line":125,"column":27}},"loc":{"start":{"line":125,"column":34},"end":{"line":137,"column":1}},"line":125},"10":{"name":"isValidUser","decl":{"start":{"line":144,"column":16},"end":{"line":144,"column":27}},"loc":{"start":{"line":144,"column":34},"end":{"line":151,"column":1}},"line":144}},"branchMap":{"0":{"loc":{"start":{"line":14,"column":2},"end":{"line":14,"column":26}},"type":"if","locations":[{"start":{"line":14,"column":2},"end":{"line":14,"column":26}},{"start":{},"end":{}}],"line":14},"1":{"loc":{"start":{"line":17,"column":2},"end":{"line":17,"column":37}},"type":"if","locations":[{"start":{"line":17,"column":2},"end":{"line":17,"column":37}},{"start":{},"end":{}}],"line":17},"2":{"loc":{"start":{"line":20,"column":2},"end":{"line":20,"column":67}},"type":"if","locations":[{"start":{"line":20,"column":2},"end":{"line":20,"column":67}},{"start":{},"end":{}}],"line":20},"3":{"loc":{"start":{"line":20,"column":6},"end":{"line":20,"column":53}},"type":"binary-expr","locations":[{"start":{"line":20,"column":6},"end":{"line":20,"column":36}},{"start":{"line":20,"column":40},"end":{"line":20,"column":53}}],"line":20},"4":{"loc":{"start":{"line":33,"column":2},"end":{"line":33,"column":38}},"type":"if","locations":[{"start":{"line":33,"column":2},"end":{"line":33,"column":38}},{"start":{},"end":{}}],"line":33},"5":{"loc":{"start":{"line":33,"column":6},"end":{"line":33,"column":23}},"type":"binary-expr","locations":[{"start":{"line":33,"column":6},"end":{"line":33,"column":11}},{"start":{"line":33,"column":15},"end":{"line":33,"column":23}}],"line":33},"6":{"loc":{"start":{"line":34,"column":9},"end":{"line":34,"column":61}},"type":"binary-expr","locations":[{"start":{"line":34,"column":9},"end":{"line":34,"column":28}},{"start":{"line":34,"column":32},"end":{"line":34,"column":61}}],"line":34},"7":{"loc":{"start":{"line":44,"column":9},"end":{"line":44,"column":61}},"type":"binary-expr","locations":[{"start":{"line":44,"column":9},"end":{"line":44,"column":35}},{"start":{"line":44,"column":39},"end":{"line":44,"column":61}}],"line":44},"8":{"loc":{"start":{"line":53,"column":2},"end":{"line":53,"column":28}},"type":"if","locations":[{"start":{"line":53,"column":2},"end":{"line":53,"column":28}},{"start":{},"end":{}}],"line":53},"9":{"loc":{"start":{"line":55,"column":2},"end":{"line":55,"column":52}},"type":"if","locations":[{"start":{"line":55,"column":2},"end":{"line":55,"column":52}},{"start":{},"end":{}}],"line":55},"10":{"loc":{"start":{"line":56,"column":2},"end":{"line":56,"column":69}},"type":"if","locations":[{"start":{"line":56,"column":2},"end":{"line":56,"column":69}},{"start":{},"end":{}}],"line":56},"11":{"loc":{"start":{"line":56,"column":6},"end":{"line":56,"column":44}},"type":"binary-expr","locations":[{"start":{"line":56,"column":6},"end":{"line":56,"column":19}},{"start":{"line":56,"column":23},"end":{"line":56,"column":44}}],"line":56},"12":{"loc":{"start":{"line":68,"column":12},"end":{"line":68,"column":35}},"type":"binary-expr","locations":[{"start":{"line":68,"column":12},"end":{"line":68,"column":16}},{"start":{"line":68,"column":20},"end":{"line":68,"column":35}}],"line":68},"13":{"loc":{"start":{"line":77,"column":2},"end":{"line":77,"column":32}},"type":"if","locations":[{"start":{"line":77,"column":2},"end":{"line":77,"column":32}},{"start":{},"end":{}}],"line":77},"14":{"loc":{"start":{"line":87,"column":48},"end":{"line":87,"column":77}},"type":"default-arg","locations":[{"start":{"line":87,"column":64},"end":{"line":87,"column":77}}],"line":87},"15":{"loc":{"start":{"line":88,"column":2},"end":{"line":88,"column":32}},"type":"if","locations":[{"start":{"line":88,"column":2},"end":{"line":88,"column":32}},{"start":{},"end":{}}],"line":88},"16":{"loc":{"start":{"line":107,"column":2},"end":{"line":107,"column":24}},"type":"if","locations":[{"start":{"line":107,"column":2},"end":{"line":107,"column":24}},{"start":{},"end":{}}],"line":107},"17":{"loc":{"start":{"line":109,"column":2},"end":{"line":111,"column":3}},"type":"if","locations":[{"start":{"line":109,"column":2},"end":{"line":111,"column":3}},{"start":{},"end":{}}],"line":109},"18":{"loc":{"start":{"line":109,"column":6},"end":{"line":109,"column":39}},"type":"binary-expr","locations":[{"start":{"line":109,"column":6},"end":{"line":109,"column":21}},{"start":{"line":109,"column":25},"end":{"line":109,"column":39}}],"line":109},"19":{"loc":{"start":{"line":113,"column":2},"end":{"line":115,"column":3}},"type":"if","locations":[{"start":{"line":113,"column":2},"end":{"line":115,"column":3}},{"start":{},"end":{}}],"line":113},"20":{"loc":{"start":{"line":126,"column":2},"end":{"line":126,"column":47}},"type":"if","locations":[{"start":{"line":126,"column":2},"end":{"line":126,"column":47}},{"start":{},"end":{}}],"line":126},"21":{"loc":{"start":{"line":128,"column":2},"end":{"line":130,"column":3}},"type":"if","locations":[{"start":{"line":128,"column":2},"end":{"line":130,"column":3}},{"start":{},"end":{}}],"line":128},"22":{"loc":{"start":{"line":128,"column":6},"end":{"line":128,"column":39}},"type":"binary-expr","locations":[{"start":{"line":128,"column":6},"end":{"line":128,"column":21}},{"start":{"line":128,"column":25},"end":{"line":128,"column":39}}],"line":128},"23":{"loc":{"start":{"line":132,"column":2},"end":{"line":134,"column":3}},"type":"if","locations":[{"start":{"line":132,"column":2},"end":{"line":134,"column":3}},{"start":{},"end":{}}],"line":132},"24":{"loc":{"start":{"line":136,"column":9},"end":{"line":136,"column":40}},"type":"binary-expr","locations":[{"start":{"line":136,"column":9},"end":{"line":136,"column":22}},{"start":{"line":136,"column":26},"end":{"line":136,"column":40}}],"line":136},"25":{"loc":{"start":{"line":146,"column":4},"end":{"line":149,"column":17}},"type":"binary-expr","locations":[{"start":{"line":146,"column":4},"end":{"line":146,"column":8}},{"start":{"line":147,"column":4},"end":{"line":147,"column":28}},{"start":{"line":148,"column":4},"end":{"line":148,"column":11}},{"start":{"line":149,"column":4},"end":{"line":149,"column":17}}],"line":146}},"s":{"0":30,"1":3,"2":27,"3":8,"4":19,"5":3,"6":16,"7":13,"8":3,"9":10,"10":6,"11":6,"12":2,"13":4,"14":1,"15":3,"16":1,"17":2,"18":5,"19":4,"20":2,"21":2,"22":5,"23":2,"24":3,"25":5,"26":5,"27":2,"28":3,"29":2,"30":1,"31":1,"32":0,"33":5,"34":2,"35":3,"36":2,"37":1,"38":0,"39":1,"40":8,"41":2},"f":{"0":30,"1":13,"2":6,"3":6,"4":5,"5":4,"6":5,"7":5,"8":5,"9":5,"10":8},"b":{"0":[3,27],"1":[8,19],"2":[3,16],"3":[19,11],"4":[3,10],"5":[13,11],"6":[10,6],"7":[6,4],"8":[2,4],"9":[1,3],"10":[1,2],"11":[3,2],"12":[5,3],"13":[2,2],"14":[3],"15":[2,3],"16":[2,3],"17":[2,1],"18":[3,2],"19":[1,0],"20":[2,3],"21":[2,1],"22":[3,2],"23":[0,1],"24":[1,0],"25":[8,6,6,4]},"_coverageSchema":"1a1c01bbd47fc00a2c39e90264f33305004495a9","hash":"84c62620b6779e9f62985eb75ab23fa4025e6cdc"}
}
