TN:
SF:src\App.js
FN:83,App
FN:87,(anonymous_1)
FN:187,(anonymous_2)
FNF:3
FNH:2
FNDA:2,App
FNDA:1,(anonymous_1)
FNDA:0,(anonymous_2)
DA:24,1
DA:76,1
DA:84,2
DA:85,1
DA:87,1
DA:88,1
DA:91,1
DA:92,0
DA:111,1
DA:187,0
LF:10
LH:8
BRDA:91,0,0,0
BRDA:91,0,1,1
BRF:2
BRH:1
end_of_record
TN:
SF:src\index.js
FNF:0
FNH:0
DA:8,0
DA:9,0
LF:2
LH:0
BRF:0
BRH:0
end_of_record
TN:
SF:src\reportWebVitals.js
FN:1,(anonymous_0)
FN:3,(anonymous_1)
FNF:2
FNH:0
FNDA:0,(anonymous_0)
FNDA:0,(anonymous_1)
DA:1,0
DA:2,0
DA:3,0
DA:4,0
DA:5,0
DA:6,0
DA:7,0
DA:8,0
LF:8
LH:0
BRDA:2,0,0,0
BRDA:2,0,1,0
BRDA:2,1,0,0
BRDA:2,1,1,0
BRF:4
BRH:0
end_of_record
TN:
SF:src\setupTestsUtils.js
FN:2,(anonymous_0)
FN:3,(anonymous_1)
FNF:2
FNH:0
FNDA:0,(anonymous_0)
FNDA:0,(anonymous_1)
DA:1,0
DA:2,0
DA:3,0
LF:3
LH:0
BRF:0
BRH:0
end_of_record
TN:
SF:src\components\ErrorBoundary.jsx
FN:7,(anonymous_0)
FN:16,(anonymous_1)
FN:21,(anonymous_2)
FN:35,(anonymous_3)
FN:47,(anonymous_4)
FN:53,(anonymous_5)
FNF:6
FNH:2
FNDA:2,(anonymous_0)
FNDA:0,(anonymous_1)
FNDA:0,(anonymous_2)
FNDA:1,(anonymous_3)
FNDA:0,(anonymous_4)
FNDA:0,(anonymous_5)
DA:4,1
DA:8,2
DA:9,1
DA:18,0
DA:23,0
DA:29,0
DA:36,1
DA:37,0
DA:47,0
DA:53,0
DA:108,1
LF:11
LH:5
BRDA:36,0,0,0
BRDA:36,0,1,1
BRDA:60,1,0,0
BRDA:60,1,1,0
BRDA:80,2,0,0
BRDA:80,2,1,0
BRDA:83,3,0,0
BRDA:83,3,1,0
BRF:8
BRH:1
end_of_record
TN:
SF:src\components\FileItem.jsx
FN:30,FileItem
FN:40,(anonymous_1)
FN:49,(anonymous_2)
FN:66,(anonymous_3)
FN:69,(anonymous_4)
FN:70,(anonymous_5)
FN:76,(anonymous_6)
FN:78,(anonymous_7)
FN:80,(anonymous_8)
FN:85,(anonymous_9)
FN:102,(anonymous_10)
FN:110,(anonymous_11)
FN:126,(anonymous_12)
FN:141,(anonymous_13)
FN:148,(anonymous_14)
FN:236,(anonymous_15)
FN:256,(anonymous_16)
FN:276,(anonymous_17)
FN:313,(anonymous_18)
FN:333,(anonymous_19)
FN:353,(anonymous_20)
FNF:21
FNH:15
FNDA:19,FileItem
FNDA:30,(anonymous_1)
FNDA:1,(anonymous_2)
FNDA:1,(anonymous_3)
FNDA:1,(anonymous_4)
FNDA:0,(anonymous_5)
FNDA:1,(anonymous_6)
FNDA:1,(anonymous_7)
FNDA:1,(anonymous_8)
FNDA:1,(anonymous_9)
FNDA:19,(anonymous_10)
FNDA:19,(anonymous_11)
FNDA:19,(anonymous_12)
FNDA:0,(anonymous_13)
FNDA:1,(anonymous_14)
FNDA:0,(anonymous_15)
FNDA:0,(anonymous_16)
FNDA:0,(anonymous_17)
FNDA:1,(anonymous_18)
FNDA:0,(anonymous_19)
FNDA:1,(anonymous_20)
DA:27,2
DA:28,2
DA:40,30
DA:41,19
DA:43,19
DA:44,19
DA:45,19
DA:46,19
DA:47,19
DA:49,19
DA:50,1
DA:51,0
DA:52,0
DA:54,1
DA:55,1
DA:56,1
DA:57,1
DA:58,1
DA:60,0
DA:62,1
DA:66,19
DA:67,1
DA:68,1
DA:69,1
DA:70,0
DA:72,0
DA:76,19
DA:78,19
DA:80,19
DA:81,1
DA:82,1
DA:85,19
DA:86,1
DA:87,0
DA:88,0
DA:90,1
DA:91,1
DA:92,1
DA:93,1
DA:94,1
DA:96,0
DA:98,1
DA:102,19
DA:103,19
DA:104,19
DA:105,19
DA:106,19
DA:107,19
DA:110,19
DA:111,19
DA:112,19
DA:113,18
DA:114,18
DA:122,0
DA:126,19
DA:127,19
DA:128,19
DA:129,19
DA:130,0
DA:131,0
DA:132,0
DA:133,0
DA:137,19
DA:141,0
DA:148,1
DA:156,19
DA:157,0
DA:236,0
DA:257,0
DA:258,0
DA:276,0
DA:294,19
DA:313,1
DA:334,0
DA:335,0
DA:353,1
LF:76
LH:55
BRDA:37,0,0,0
BRDA:38,1,0,19
BRDA:41,2,0,19
BRDA:41,2,1,18
BRDA:44,3,0,19
BRDA:44,3,1,0
BRDA:50,4,0,0
BRDA:50,4,1,1
BRDA:67,5,0,1
BRDA:67,5,1,0
BRDA:86,6,0,0
BRDA:86,6,1,1
BRDA:103,7,0,0
BRDA:103,7,1,19
BRDA:112,8,0,1
BRDA:112,8,1,18
BRDA:128,9,0,0
BRDA:128,9,1,19
BRDA:129,10,0,19
BRDA:129,10,1,0
BRDA:130,11,0,0
BRDA:130,11,1,0
BRDA:131,12,0,0
BRDA:131,12,1,0
BRDA:132,13,0,0
BRDA:132,13,1,0
BRDA:156,14,0,0
BRDA:156,14,1,19
BRDA:181,15,0,0
BRDA:181,15,1,0
BRDA:191,16,0,0
BRDA:191,16,1,0
BRDA:232,17,0,0
BRDA:232,17,1,0
BRDA:258,18,0,0
BRDA:258,18,1,0
BRDA:269,19,0,0
BRDA:269,19,1,0
BRDA:271,20,0,0
BRDA:271,20,1,0
BRDA:309,21,0,3
BRDA:309,21,1,16
BRDA:335,22,0,0
BRDA:335,22,1,0
BRDA:346,23,0,16
BRDA:346,23,1,0
BRDA:348,24,0,16
BRDA:348,24,1,15
BRDA:386,25,0,19
BRDA:386,25,1,18
BRDA:395,26,0,19
BRDA:395,26,1,18
BRF:52
BRH:22
end_of_record
TN:
SF:src\components\FileUploadForm.jsx
FN:24,(anonymous_0)
FN:26,(anonymous_1)
FN:32,(anonymous_2)
FN:50,(anonymous_3)
FN:64,(anonymous_4)
FN:65,(anonymous_5)
FN:79,(anonymous_6)
FN:103,(anonymous_7)
FN:111,(anonymous_8)
FN:112,(anonymous_9)
FN:113,(anonymous_10)
FN:118,(anonymous_11)
FN:122,(anonymous_12)
FN:146,(anonymous_13)
FNF:14
FNH:7
FNDA:14,(anonymous_0)
FNDA:14,(anonymous_1)
FNDA:12,(anonymous_2)
FNDA:1,(anonymous_3)
FNDA:0,(anonymous_4)
FNDA:0,(anonymous_5)
FNDA:0,(anonymous_6)
FNDA:1,(anonymous_7)
FNDA:0,(anonymous_8)
FNDA:0,(anonymous_9)
FNDA:0,(anonymous_10)
FNDA:0,(anonymous_11)
FNDA:13,(anonymous_12)
FNDA:1,(anonymous_13)
DA:20,2
DA:21,2
DA:22,2
DA:24,2
DA:25,14
DA:26,14
DA:28,14
DA:29,13
DA:30,13
DA:32,13
DA:50,13
DA:51,1
DA:52,1
DA:53,0
DA:55,1
DA:56,0
DA:57,0
DA:58,0
DA:61,1
DA:64,13
DA:65,0
DA:66,0
DA:67,0
DA:68,0
DA:69,0
DA:70,0
DA:71,0
DA:74,0
DA:76,0
DA:79,13
DA:80,0
DA:81,0
DA:82,0
DA:83,0
DA:85,0
DA:86,0
DA:87,0
DA:88,0
DA:89,0
DA:90,0
DA:92,0
DA:93,0
DA:97,13
DA:104,1
DA:105,1
DA:106,0
DA:107,0
DA:109,1
DA:111,0
DA:112,0
DA:113,0
DA:118,0
DA:122,13
DA:124,13
DA:147,1
DA:148,1
LF:56
LH:25
BRDA:52,0,0,0
BRDA:52,0,1,1
BRDA:55,1,0,0
BRDA:55,1,1,1
BRDA:57,2,0,0
BRDA:57,2,1,0
BRDA:66,3,0,0
BRDA:66,3,1,0
BRDA:68,4,0,0
BRDA:68,4,1,0
BRDA:81,5,0,0
BRDA:81,5,1,0
BRDA:105,6,0,0
BRDA:105,6,1,1
BRDA:131,7,0,13
BRDA:131,7,1,2
BRDA:134,8,0,2
BRDA:134,8,1,0
BRDA:148,9,0,0
BRDA:148,9,1,1
BRDA:161,10,0,0
BRDA:161,10,1,13
BRDA:164,11,0,0
BRDA:164,11,1,13
BRDA:165,12,0,0
BRDA:165,12,1,13
BRDA:195,13,0,13
BRDA:195,13,1,1
BRDA:195,13,2,1
BRF:29
BRH:13
end_of_record
TN:
SF:src\components\Navbar.jsx
FN:33,(anonymous_0)
FN:37,(anonymous_1)
FN:41,(anonymous_2)
FN:42,(anonymous_3)
FN:50,(anonymous_4)
FN:55,(anonymous_5)
FN:62,(anonymous_6)
FN:72,(anonymous_7)
FN:73,(anonymous_8)
FN:78,(anonymous_9)
FN:102,(anonymous_10)
FN:149,(anonymous_11)
FN:157,(anonymous_12)
FNF:13
FNH:8
FNDA:9,(anonymous_0)
FNDA:14,(anonymous_1)
FNDA:2,(anonymous_2)
FNDA:2,(anonymous_3)
FNDA:2,(anonymous_4)
FNDA:1,(anonymous_5)
FNDA:1,(anonymous_6)
FNDA:0,(anonymous_7)
FNDA:0,(anonymous_8)
FNDA:8,(anonymous_9)
FNDA:0,(anonymous_10)
FNDA:0,(anonymous_11)
FNDA:0,(anonymous_12)
DA:30,2
DA:31,2
DA:33,2
DA:34,9
DA:35,8
DA:36,8
DA:37,14
DA:38,8
DA:39,8
DA:41,8
DA:42,2
DA:43,2
DA:44,2
DA:45,2
DA:48,2
DA:49,2
DA:50,2
DA:53,8
DA:55,8
DA:56,1
DA:63,1
DA:64,1
DA:65,1
DA:66,1
DA:71,8
DA:72,0
DA:73,0
DA:78,8
DA:79,8
DA:80,8
DA:81,5
DA:86,3
DA:87,3
DA:88,0
DA:99,8
DA:102,8
DA:103,0
DA:104,0
DA:107,8
DA:108,8
DA:110,8
DA:149,0
DA:157,0
LF:43
LH:36
BRDA:44,0,0,2
BRDA:44,0,1,0
BRDA:80,1,0,5
BRDA:80,1,1,3
BRDA:87,2,0,0
BRDA:87,2,1,3
BRDA:120,3,0,8
BRDA:120,3,1,8
BRDA:135,4,0,8
BRDA:135,4,1,3
BRDA:135,4,2,3
BRDA:143,5,0,3
BRDA:143,5,1,3
BRDA:148,6,0,8
BRDA:148,6,1,0
BRDA:161,7,0,8
BRDA:161,7,1,3
BRDA:166,8,0,3
BRDA:166,8,1,3
BRDA:173,9,0,8
BRDA:173,9,1,3
BRF:21
BRH:18
end_of_record
TN:
SF:src\components\PrivateRoute.jsx
FN:7,(anonymous_0)
FN:17,(anonymous_1)
FN:22,(anonymous_2)
FN:23,(anonymous_3)
FN:27,(anonymous_4)
FN:31,(anonymous_5)
FN:87,(anonymous_6)
FN:92,(anonymous_7)
FN:106,(anonymous_8)
FNF:9
FNH:0
FNDA:0,(anonymous_0)
FNDA:0,(anonymous_1)
FNDA:0,(anonymous_2)
FNDA:0,(anonymous_3)
FNDA:0,(anonymous_4)
FNDA:0,(anonymous_5)
FNDA:0,(anonymous_6)
FNDA:0,(anonymous_7)
FNDA:0,(anonymous_8)
DA:7,1
DA:12,0
DA:17,0
DA:19,0
DA:22,0
DA:23,0
DA:24,0
DA:27,0
DA:31,0
DA:32,0
DA:35,0
DA:36,0
DA:39,0
DA:43,0
DA:44,0
DA:58,0
DA:59,0
DA:72,0
DA:73,0
DA:87,0
DA:92,0
DA:102,0
DA:106,1
DA:107,0
LF:24
LH:2
BRDA:9,0,0,0
BRDA:10,1,0,0
BRDA:32,2,0,0
BRDA:32,2,1,0
BRDA:35,3,0,0
BRDA:35,3,1,0
BRDA:35,4,0,0
BRDA:35,4,1,0
BRDA:43,5,0,0
BRDA:43,5,1,0
BRDA:43,6,0,0
BRDA:43,6,1,0
BRDA:58,7,0,0
BRDA:58,7,1,0
BRDA:72,8,0,0
BRDA:72,8,1,0
BRDA:78,9,0,0
BRDA:78,9,1,0
BRDA:82,10,0,0
BRDA:82,10,1,0
BRF:20
BRH:0
end_of_record
TN:
SF:src\hooks\useIsMobile.js
FN:3,(anonymous_0)
FN:4,(anonymous_1)
FN:12,(anonymous_2)
FN:13,(anonymous_3)
FN:24,(anonymous_4)
FNF:5
FNH:5
FNDA:8,(anonymous_0)
FNDA:6,(anonymous_1)
FNDA:6,(anonymous_2)
FNDA:8,(anonymous_3)
FNDA:6,(anonymous_4)
DA:3,2
DA:4,8
DA:6,6
DA:7,6
DA:9,0
DA:12,8
DA:13,6
DA:14,8
DA:18,6
DA:21,6
DA:24,6
DA:25,6
DA:29,8
LF:13
LH:12
BRDA:3,0,0,6
BRDA:6,1,0,6
BRDA:6,1,1,0
BRF:3
BRH:2
end_of_record
TN:
SF:src\pages\AdminPage.jsx
FN:10,AdminPage
FN:15,(anonymous_1)
FN:16,(anonymous_2)
FN:18,(anonymous_3)
FN:22,(anonymous_4)
FN:32,(anonymous_5)
FN:41,(anonymous_6)
FN:72,(anonymous_7)
FN:79,(anonymous_8)
FN:86,(anonymous_9)
FN:93,(anonymous_10)
FN:100,(anonymous_11)
FN:105,(anonymous_12)
FN:111,(anonymous_13)
FN:115,(anonymous_14)
FN:125,(anonymous_15)
FN:131,(anonymous_16)
FN:135,(anonymous_17)
FN:147,(anonymous_18)
FN:155,(anonymous_19)
FN:193,(anonymous_20)
FN:202,(anonymous_21)
FNF:22
FNH:14
FNDA:14,AdminPage
FNDA:14,(anonymous_1)
FNDA:14,(anonymous_2)
FNDA:13,(anonymous_3)
FNDA:2,(anonymous_4)
FNDA:1,(anonymous_5)
FNDA:0,(anonymous_6)
FNDA:0,(anonymous_7)
FNDA:0,(anonymous_8)
FNDA:10,(anonymous_9)
FNDA:10,(anonymous_10)
FNDA:10,(anonymous_11)
FNDA:0,(anonymous_12)
FNDA:10,(anonymous_13)
FNDA:1,(anonymous_14)
FNDA:0,(anonymous_15)
FNDA:10,(anonymous_16)
FNDA:0,(anonymous_17)
FNDA:10,(anonymous_18)
FNDA:2,(anonymous_19)
FNDA:0,(anonymous_20)
FNDA:0,(anonymous_21)
DA:8,2
DA:11,14
DA:12,14
DA:15,14
DA:16,14
DA:18,14
DA:19,13
DA:22,13
DA:23,2
DA:24,1
DA:25,1
DA:27,1
DA:32,13
DA:33,1
DA:34,1
DA:36,1
DA:41,13
DA:42,0
DA:45,13
DA:46,1
DA:53,12
DA:54,1
DA:66,11
DA:72,0
DA:79,0
DA:86,10
DA:93,10
DA:101,10
DA:102,0
DA:103,0
DA:105,0
DA:112,10
DA:115,1
DA:125,0
DA:132,10
DA:135,0
DA:148,10
DA:155,2
DA:165,11
DA:194,0
DA:203,0
LF:41
LH:31
BRDA:15,0,0,0
BRDA:15,1,0,0
BRDA:15,2,0,0
BRDA:15,3,0,14
BRDA:15,3,1,0
BRDA:23,4,0,1
BRDA:23,4,1,1
BRDA:45,5,0,1
BRDA:45,5,1,12
BRDA:53,6,0,1
BRDA:53,6,1,11
BRDA:86,7,0,10
BRDA:86,7,1,8
BRDA:93,8,0,10
BRDA:93,8,1,8
BRDA:101,9,0,10
BRDA:101,9,1,0
BRDA:156,10,0,2
BRDA:156,10,1,8
BRDA:172,11,0,2
BRDA:172,11,1,9
BRDA:203,12,0,0
BRDA:203,12,1,0
BRF:23
BRH:16
end_of_record
TN:
SF:src\pages\LoginPage.jsx
FN:7,LoginPage
FN:9,(anonymous_1)
FN:15,(anonymous_2)
FNF:3
FNH:3
FNDA:7,LoginPage
FNDA:7,(anonymous_1)
FNDA:1,(anonymous_2)
DA:8,7
DA:9,7
DA:11,7
DA:12,2
DA:15,5
DA:16,1
DA:19,5
LF:7
LH:7
BRDA:11,0,0,2
BRDA:11,0,1,5
BRDA:27,1,0,5
BRDA:27,1,1,1
BRF:4
BRH:4
end_of_record
TN:
SF:src\pages\MainPage.jsx
FN:6,MainPage
FNF:1
FNH:1
FNDA:2,MainPage
DA:4,2
DA:7,2
LF:2
LH:2
BRF:0
BRH:0
end_of_record
TN:
SF:src\pages\NotAuthorizedPage.jsx
FN:5,(anonymous_0)
FN:14,(anonymous_1)
FNF:2
FNH:2
FNDA:2,(anonymous_0)
FNDA:1,(anonymous_1)
DA:5,2
DA:6,2
DA:8,2
DA:14,1
LF:4
LH:4
BRF:0
BRH:0
end_of_record
TN:
SF:src\pages\RegisterPage.jsx
FN:7,RegisterPage
FN:9,(anonymous_1)
FN:15,(anonymous_2)
FN:42,(anonymous_3)
FN:103,(anonymous_4)
FN:104,(anonymous_5)
FNF:6
FNH:4
FNDA:10,RegisterPage
FNDA:10,(anonymous_1)
FNDA:1,(anonymous_2)
FNDA:2,(anonymous_3)
FNDA:0,(anonymous_4)
FNDA:0,(anonymous_5)
DA:8,10
DA:9,10
DA:11,10
DA:12,2
DA:15,8
DA:17,1
DA:24,1
DA:27,8
DA:43,2
DA:103,0
DA:105,0
DA:106,0
DA:108,0
LF:13
LH:9
BRDA:11,0,0,2
BRDA:11,0,1,8
BRDA:36,1,0,8
BRDA:36,1,1,2
BRDA:39,2,0,1
BRDA:39,2,1,1
BRDA:41,3,0,1
BRDA:41,3,1,1
BRDA:105,4,0,0
BRDA:105,4,1,0
BRDA:105,5,0,0
BRDA:105,5,1,0
BRF:12
BRH:8
end_of_record
TN:
SF:src\pages\StoragePage.jsx
FN:15,StoragePage
FN:17,(anonymous_1)
FN:20,(anonymous_2)
FN:24,(anonymous_3)
FN:28,(anonymous_4)
FN:32,(anonymous_5)
FN:36,(anonymous_6)
FN:52,(anonymous_7)
FN:93,(anonymous_8)
FN:117,(anonymous_9)
FNF:10
FNH:8
FNDA:16,StoragePage
FNDA:16,(anonymous_1)
FNDA:15,(anonymous_2)
FNDA:1,(anonymous_3)
FNDA:1,(anonymous_4)
FNDA:1,(anonymous_5)
FNDA:0,(anonymous_6)
FNDA:0,(anonymous_7)
FNDA:1,(anonymous_8)
FNDA:6,(anonymous_9)
DA:16,16
DA:17,16
DA:18,16
DA:20,16
DA:21,15
DA:24,15
DA:25,1
DA:28,15
DA:29,1
DA:32,15
DA:33,1
DA:36,15
DA:37,0
DA:38,0
DA:39,0
DA:40,0
DA:41,0
DA:42,0
DA:43,0
DA:44,0
DA:45,0
DA:46,0
DA:48,0
DA:52,15
DA:53,0
DA:54,0
DA:55,0
DA:56,0
DA:58,0
DA:62,15
DA:94,1
DA:118,6
LF:32
LH:16
BRDA:55,0,0,0
BRDA:55,0,1,0
BRDA:68,1,0,15
BRDA:68,1,1,1
BRDA:74,2,0,15
BRDA:74,2,1,1
BRDA:84,3,0,15
BRDA:84,3,1,14
BRDA:84,3,2,7
BRDA:91,4,0,15
BRDA:91,4,1,14
BRDA:91,4,2,7
BRDA:92,5,0,1
BRDA:92,5,1,6
BRF:14
BRH:12
end_of_record
TN:
SF:src\store\authSlice.js
FN:11,(anonymous_0)
FN:19,(anonymous_1)
FN:34,(anonymous_2)
FN:68,(anonymous_3)
FN:99,(anonymous_4)
FN:125,(anonymous_5)
FN:146,(anonymous_6)
FN:161,(anonymous_7)
FN:223,(anonymous_8)
FN:239,(anonymous_9)
FN:244,(anonymous_10)
FN:249,(anonymous_11)
FN:257,(anonymous_12)
FN:262,(anonymous_13)
FN:267,(anonymous_14)
FN:272,(anonymous_15)
FN:277,(anonymous_16)
FN:281,(anonymous_17)
FN:304,(anonymous_18)
FN:316,(anonymous_19)
FN:320,(anonymous_20)
FN:335,(anonymous_21)
FN:344,(anonymous_22)
FN:347,(anonymous_23)
FN:355,(anonymous_24)
FN:373,(anonymous_25)
FN:376,(anonymous_26)
FN:390,(anonymous_27)
FN:403,(anonymous_28)
FN:406,(anonymous_29)
FN:419,(anonymous_30)
FN:435,(anonymous_31)
FN:438,(anonymous_32)
FN:456,(anonymous_33)
FN:473,(anonymous_34)
FN:474,(anonymous_35)
FN:475,(anonymous_36)
FN:476,(anonymous_37)
FN:477,(anonymous_38)
FN:478,(anonymous_39)
FN:480,(anonymous_40)
FN:485,(anonymous_41)
FN:492,(anonymous_42)
FN:493,(anonymous_43)
FNF:44
FNH:23
FNDA:4,(anonymous_0)
FNDA:4,(anonymous_1)
FNDA:2,(anonymous_2)
FNDA:2,(anonymous_3)
FNDA:2,(anonymous_4)
FNDA:0,(anonymous_5)
FNDA:1,(anonymous_6)
FNDA:1,(anonymous_7)
FNDA:1,(anonymous_8)
FNDA:0,(anonymous_9)
FNDA:0,(anonymous_10)
FNDA:0,(anonymous_11)
FNDA:0,(anonymous_12)
FNDA:0,(anonymous_13)
FNDA:0,(anonymous_14)
FNDA:4,(anonymous_15)
FNDA:2,(anonymous_16)
FNDA:1,(anonymous_17)
FNDA:1,(anonymous_18)
FNDA:2,(anonymous_19)
FNDA:1,(anonymous_20)
FNDA:1,(anonymous_21)
FNDA:2,(anonymous_22)
FNDA:1,(anonymous_23)
FNDA:1,(anonymous_24)
FNDA:0,(anonymous_25)
FNDA:0,(anonymous_26)
FNDA:0,(anonymous_27)
FNDA:1,(anonymous_28)
FNDA:1,(anonymous_29)
FNDA:0,(anonymous_30)
FNDA:1,(anonymous_31)
FNDA:1,(anonymous_32)
FNDA:0,(anonymous_33)
FNDA:0,(anonymous_34)
FNDA:0,(anonymous_35)
FNDA:0,(anonymous_36)
FNDA:0,(anonymous_37)
FNDA:0,(anonymous_38)
FNDA:3,(anonymous_39)
FNDA:0,(anonymous_40)
FNDA:0,(anonymous_41)
FNDA:0,(anonymous_42)
FNDA:0,(anonymous_43)
DA:11,4
DA:12,4
DA:13,4
DA:15,4
DA:19,4
DA:20,4
DA:21,4
DA:23,4
DA:32,4
DA:35,2
DA:36,2
DA:39,1
DA:40,1
DA:58,0
DA:60,1
DA:66,4
DA:69,2
DA:70,2
DA:73,1
DA:74,1
DA:89,0
DA:91,1
DA:97,4
DA:100,2
DA:101,2
DA:104,2
DA:105,0
DA:108,2
DA:109,2
DA:110,0
DA:114,2
DA:115,1
DA:117,1
DA:123,4
DA:126,0
DA:127,0
DA:128,0
DA:130,0
DA:131,0
DA:135,0
DA:136,0
DA:138,0
DA:144,4
DA:147,1
DA:148,1
DA:149,1
DA:152,0
DA:153,0
DA:159,4
DA:162,1
DA:163,1
DA:166,1
DA:167,1
DA:171,0
DA:172,0
DA:173,0
DA:176,0
DA:181,0
DA:182,0
DA:183,0
DA:189,0
DA:194,0
DA:203,4
DA:218,4
DA:224,1
DA:225,1
DA:226,1
DA:227,1
DA:228,1
DA:229,1
DA:230,1
DA:231,1
DA:234,1
DA:235,1
DA:240,0
DA:245,0
DA:250,0
DA:251,0
DA:252,0
DA:258,0
DA:263,0
DA:268,0
DA:273,4
DA:278,2
DA:279,2
DA:282,1
DA:283,1
DA:284,1
DA:285,1
DA:286,1
DA:287,1
DA:288,1
DA:291,1
DA:292,1
DA:295,1
DA:296,1
DA:297,1
DA:298,0
DA:300,1
DA:305,1
DA:306,1
DA:307,1
DA:308,1
DA:309,1
DA:310,1
DA:317,2
DA:318,2
DA:321,1
DA:323,1
DA:324,1
DA:325,1
DA:326,1
DA:328,1
DA:329,1
DA:331,1
DA:332,1
DA:333,1
DA:336,1
DA:337,1
DA:338,1
DA:345,2
DA:348,1
DA:349,1
DA:350,1
DA:351,1
DA:352,1
DA:353,1
DA:356,1
DA:357,1
DA:358,1
DA:361,1
DA:362,0
DA:363,0
DA:364,0
DA:365,0
DA:366,0
DA:377,0
DA:378,0
DA:381,0
DA:382,0
DA:383,0
DA:385,0
DA:388,0
DA:392,0
DA:393,0
DA:394,0
DA:395,0
DA:396,0
DA:397,0
DA:404,1
DA:407,1
DA:408,1
DA:409,1
DA:410,1
DA:411,1
DA:412,1
DA:413,1
DA:414,1
DA:416,1
DA:417,1
DA:421,0
DA:422,0
DA:423,0
DA:424,0
DA:425,0
DA:426,0
DA:428,0
DA:429,0
DA:439,1
DA:440,1
DA:442,1
DA:443,0
DA:444,0
DA:447,1
DA:448,1
DA:449,1
DA:450,1
DA:451,1
DA:454,1
DA:457,0
DA:458,0
DA:459,0
DA:460,0
DA:461,0
DA:463,0
DA:464,0
DA:473,4
DA:474,4
DA:475,4
DA:476,4
DA:477,4
DA:478,4
DA:480,4
DA:481,0
DA:482,0
DA:485,4
DA:486,0
DA:487,0
DA:488,0
DA:489,0
DA:492,4
DA:493,4
DA:507,4
LF:203
LH:130
BRDA:39,0,0,1
BRDA:39,0,1,0
BRDA:39,1,0,1
BRDA:39,1,1,1
BRDA:45,2,0,1
BRDA:45,2,1,0
BRDA:48,3,0,0
BRDA:48,3,1,0
BRDA:60,4,0,1
BRDA:60,4,1,0
BRDA:73,5,0,1
BRDA:73,5,1,0
BRDA:76,6,0,1
BRDA:76,6,1,0
BRDA:80,7,0,0
BRDA:80,7,1,0
BRDA:80,8,0,0
BRDA:80,8,1,0
BRDA:80,9,0,0
BRDA:80,9,1,0
BRDA:91,10,0,1
BRDA:91,10,1,0
BRDA:104,11,0,0
BRDA:104,11,1,2
BRDA:104,12,0,2
BRDA:104,12,1,0
BRDA:109,13,0,0
BRDA:109,13,1,2
BRDA:117,14,0,1
BRDA:117,14,1,0
BRDA:130,15,0,0
BRDA:130,15,1,0
BRDA:138,16,0,0
BRDA:138,16,1,0
BRDA:166,17,0,1
BRDA:166,17,1,0
BRDA:171,18,0,0
BRDA:171,18,1,0
BRDA:171,19,0,0
BRDA:171,19,1,0
BRDA:181,20,0,0
BRDA:181,20,1,0
BRDA:194,21,0,0
BRDA:194,21,1,0
BRDA:204,22,0,4
BRDA:204,22,1,4
BRDA:205,23,0,4
BRDA:205,23,1,4
BRDA:206,24,0,4
BRDA:206,24,1,0
BRDA:250,25,0,0
BRDA:250,25,1,0
BRDA:295,26,0,1
BRDA:295,26,1,0
BRDA:321,27,0,1
BRDA:321,27,1,0
BRDA:361,28,0,0
BRDA:361,28,1,1
BRDA:361,29,0,1
BRDA:361,29,1,1
BRDA:442,30,0,0
BRDA:442,30,1,1
BRDA:447,31,0,1
BRDA:447,31,1,0
BRDA:482,32,0,0
BRDA:482,32,1,0
BRDA:482,32,2,0
BRDA:487,33,0,0
BRDA:487,33,1,0
BRDA:488,34,0,0
BRDA:488,34,1,0
BRDA:488,35,0,0
BRDA:488,35,1,0
BRF:73
BRH:25
end_of_record
TN:
SF:src\store\filesSlice.js
FN:6,(anonymous_0)
FN:18,(anonymous_1)
FN:30,(anonymous_2)
FN:34,(anonymous_3)
FN:48,(anonymous_4)
FN:64,(anonymous_5)
FN:83,(anonymous_6)
FN:86,(anonymous_7)
FN:90,(anonymous_8)
FN:94,(anonymous_9)
FN:100,(anonymous_10)
FN:104,(anonymous_11)
FN:105,(anonymous_12)
FN:106,(anonymous_13)
FN:108,(anonymous_14)
FN:110,(anonymous_15)
FN:114,(anonymous_16)
FN:118,(anonymous_17)
FN:127,(anonymous_18)
FN:133,(anonymous_19)
FN:137,(anonymous_20)
FN:138,(anonymous_21)
FN:140,(anonymous_22)
FN:142,(anonymous_23)
FN:144,(anonymous_24)
FN:148,(anonymous_25)
FN:152,(anonymous_26)
FN:154,(anonymous_27)
FN:156,(anonymous_28)
FN:158,(anonymous_29)
FN:160,(anonymous_30)
FNF:31
FNH:19
FNDA:2,(anonymous_0)
FNDA:2,(anonymous_1)
FNDA:0,(anonymous_2)
FNDA:0,(anonymous_3)
FNDA:0,(anonymous_4)
FNDA:2,(anonymous_5)
FNDA:1,(anonymous_6)
FNDA:2,(anonymous_7)
FNDA:1,(anonymous_8)
FNDA:1,(anonymous_9)
FNDA:2,(anonymous_10)
FNDA:1,(anonymous_11)
FNDA:1,(anonymous_12)
FNDA:1,(anonymous_13)
FNDA:1,(anonymous_14)
FNDA:1,(anonymous_15)
FNDA:0,(anonymous_16)
FNDA:0,(anonymous_17)
FNDA:0,(anonymous_18)
FNDA:0,(anonymous_19)
FNDA:0,(anonymous_20)
FNDA:0,(anonymous_21)
FNDA:0,(anonymous_22)
FNDA:0,(anonymous_23)
FNDA:0,(anonymous_24)
FNDA:2,(anonymous_25)
FNDA:1,(anonymous_26)
FNDA:1,(anonymous_27)
FNDA:1,(anonymous_28)
FNDA:1,(anonymous_29)
FNDA:1,(anonymous_30)
DA:4,2
DA:7,2
DA:8,2
DA:9,1
DA:11,1
DA:16,2
DA:19,2
DA:20,2
DA:21,1
DA:23,1
DA:28,2
DA:31,0
DA:32,0
DA:33,0
DA:34,0
DA:35,0
DA:39,0
DA:41,0
DA:46,2
DA:49,0
DA:50,0
DA:55,0
DA:57,0
DA:62,2
DA:65,2
DA:66,2
DA:67,1
DA:69,1
DA:74,2
DA:84,1
DA:87,2
DA:88,2
DA:91,1
DA:92,1
DA:95,1
DA:96,1
DA:101,2
DA:102,2
DA:105,1
DA:106,1
DA:109,1
DA:110,1
DA:115,0
DA:116,0
DA:119,0
DA:120,0
DA:121,0
DA:123,0
DA:125,0
DA:128,0
DA:129,0
DA:134,0
DA:135,0
DA:138,0
DA:139,0
DA:140,0
DA:143,0
DA:144,0
DA:149,2
DA:150,2
DA:153,1
DA:154,1
DA:155,1
DA:156,1
DA:159,1
DA:160,1
LF:66
LH:39
BRDA:9,0,0,1
BRDA:9,0,1,0
BRDA:120,1,0,0
BRDA:120,1,1,0
BRDA:139,2,0,0
BRDA:139,2,1,0
BRDA:155,3,0,1
BRDA:155,3,1,0
BRF:8
BRH:2
end_of_record
TN:
SF:src\store\store.js
FNF:0
FNH:0
DA:6,0
LF:1
LH:0
BRF:0
BRH:0
end_of_record
TN:
SF:src\store\usersSlice.js
FN:7,(anonymous_0)
FN:20,(anonymous_1)
FN:33,(anonymous_2)
FN:51,(anonymous_3)
FN:53,(anonymous_4)
FN:54,(anonymous_5)
FN:58,(anonymous_6)
FN:60,(anonymous_7)
FN:61,(anonymous_8)
FN:64,(anonymous_9)
FN:65,(anonymous_10)
FNF:11
FNH:11
FNDA:2,(anonymous_0)
FNDA:1,(anonymous_1)
FNDA:1,(anonymous_2)
FNDA:1,(anonymous_3)
FNDA:2,(anonymous_4)
FNDA:1,(anonymous_5)
FNDA:1,(anonymous_6)
FNDA:1,(anonymous_7)
FNDA:1,(anonymous_8)
FNDA:1,(anonymous_9)
FNDA:1,(anonymous_10)
DA:5,2
DA:8,2
DA:9,2
DA:10,1
DA:12,1
DA:18,2
DA:21,1
DA:22,1
DA:23,1
DA:25,0
DA:31,2
DA:34,1
DA:35,1
DA:40,1
DA:42,0
DA:47,2
DA:52,1
DA:53,2
DA:55,1
DA:56,1
DA:58,1
DA:61,1
DA:65,1
DA:66,1
LF:24
LH:22
BRDA:10,0,0,0
BRDA:10,0,1,1
BRDA:10,1,0,1
BRDA:10,1,1,0
BRDA:66,2,0,1
BRDA:66,2,1,0
BRF:6
BRH:3
end_of_record
TN:
SF:src\utils\api.js
FN:9,handleResponse
FN:47,getTokens
FN:55,setTokens
FN:59,removeTokens
FN:69,loginApi
FN:85,registerApi
FN:100,logoutApi
FN:122,refreshTokenApi
FN:131,(anonymous_8)
FN:155,getCurrentUserApi
FN:164,getFilesApi
FN:170,uploadFileApi
FN:176,(anonymous_12)
FN:178,(anonymous_13)
FN:183,(anonymous_14)
FN:192,(anonymous_15)
FN:192,(anonymous_16)
FN:192,(anonymous_17)
FN:201,deleteFileApi
FN:203,renameFileApi
FN:205,updateFileCommentApi
FN:207,downloadFileApi
FN:207,(anonymous_22)
FN:209,copyFileLinkApi
FN:214,getAdminUsersApi
FN:215,updateAdminUserApi
FN:215,deleteAdminUserApi
FN:215,getAdminUserFilesApi
FN:215,getAdminUserStatsApi
FN:215,toggleUserStatusApi
FN:220,authorizedFetch
FN:220,healthCheckApi
FN:220,getSystemInfoApi
FNF:33
FNH:3
FNDA:0,handleResponse
FNDA:1,getTokens
FNDA:0,setTokens
FNDA:1,removeTokens
FNDA:0,loginApi
FNDA:0,registerApi
FNDA:1,logoutApi
FNDA:0,refreshTokenApi
FNDA:0,(anonymous_8)
FNDA:0,getCurrentUserApi
FNDA:0,getFilesApi
FNDA:0,uploadFileApi
FNDA:0,(anonymous_12)
FNDA:0,(anonymous_13)
FNDA:0,(anonymous_14)
FNDA:0,(anonymous_15)
FNDA:0,(anonymous_16)
FNDA:0,(anonymous_17)
FNDA:0,deleteFileApi
FNDA:0,renameFileApi
FNDA:0,updateFileCommentApi
FNDA:0,downloadFileApi
FNDA:0,(anonymous_22)
FNDA:0,copyFileLinkApi
FNDA:0,getAdminUsersApi
FNDA:0,updateAdminUserApi
FNDA:0,deleteAdminUserApi
FNDA:0,getAdminUserFilesApi
FNDA:0,getAdminUserStatsApi
FNDA:0,toggleUserStatusApi
FNDA:0,authorizedFetch
FNDA:0,healthCheckApi
FNDA:0,getSystemInfoApi
DA:2,6
DA:5,6
DA:6,6
DA:10,0
DA:11,0
DA:12,0
DA:13,0
DA:14,0
DA:15,0
DA:16,0
DA:17,0
DA:18,0
DA:19,0
DA:20,0
DA:21,0
DA:22,0
DA:23,0
DA:24,0
DA:25,0
DA:26,0
DA:29,0
DA:30,0
DA:34,0
DA:36,0
DA:39,0
DA:40,0
DA:41,0
DA:43,0
DA:48,1
DA:49,1
DA:51,1
DA:56,0
DA:60,1
DA:61,1
DA:70,0
DA:76,0
DA:77,0
DA:78,0
DA:79,0
DA:81,0
DA:86,0
DA:91,0
DA:92,0
DA:93,0
DA:94,0
DA:96,0
DA:101,1
DA:102,1
DA:103,1
DA:113,1
DA:115,1
DA:116,1
DA:117,1
DA:123,0
DA:124,0
DA:126,0
DA:127,0
DA:128,0
DA:130,0
DA:131,0
DA:132,0
DA:133,0
DA:139,0
DA:140,0
DA:144,0
DA:145,0
DA:147,0
DA:148,0
DA:151,0
DA:156,0
DA:165,0
DA:166,0
DA:171,0
DA:172,0
DA:173,0
DA:174,0
DA:175,0
DA:176,0
DA:177,0
DA:178,0
DA:179,0
DA:180,0
DA:183,0
DA:184,0
DA:185,0
DA:186,0
DA:188,0
DA:192,0
DA:193,0
DA:194,0
DA:195,0
DA:196,0
DA:201,0
DA:203,0
DA:205,0
DA:207,0
DA:209,0
DA:214,0
DA:215,0
DA:220,6
LF:100
LH:16
BRDA:2,0,0,6
BRDA:2,0,1,6
BRDA:10,1,0,0
BRDA:10,1,1,0
BRDA:14,2,0,0
BRDA:14,2,1,0
BRDA:16,3,0,0
BRDA:16,3,1,0
BRDA:18,4,0,0
BRDA:18,4,1,0
BRDA:20,5,0,0
BRDA:20,5,1,0
BRDA:23,6,0,0
BRDA:23,6,1,0
BRDA:25,7,0,0
BRDA:25,7,1,0
BRDA:29,8,0,0
BRDA:29,8,1,0
BRDA:39,9,0,0
BRDA:39,9,1,0
BRDA:40,10,0,0
BRDA:40,10,1,0
BRDA:77,11,0,0
BRDA:77,11,1,0
BRDA:77,12,0,0
BRDA:77,12,1,0
BRDA:79,13,0,0
BRDA:79,13,1,0
BRDA:92,14,0,0
BRDA:92,14,1,0
BRDA:92,15,0,0
BRDA:92,15,1,0
BRDA:94,16,0,0
BRDA:94,16,1,0
BRDA:107,17,0,1
BRDA:107,17,1,0
BRDA:123,18,0,0
BRDA:123,18,1,0
BRDA:123,19,0,0
BRDA:123,19,1,0
BRDA:127,20,0,0
BRDA:127,20,1,0
BRDA:142,21,0,0
BRDA:142,21,1,0
BRDA:164,22,0,0
BRDA:165,23,0,0
BRDA:165,23,1,0
BRDA:170,24,0,0
BRDA:172,25,0,0
BRDA:172,25,1,0
BRDA:179,26,0,0
BRDA:179,26,1,0
BRDA:179,27,0,0
BRDA:179,27,1,0
BRDA:184,28,0,0
BRDA:184,28,1,0
BRDA:185,29,0,0
BRDA:185,29,1,0
BRDA:185,30,0,0
BRDA:185,30,1,0
BRDA:188,31,0,0
BRDA:188,31,1,0
BRDA:188,31,2,0
BRDA:207,32,0,0
BRDA:207,32,1,0
BRDA:207,33,0,0
BRDA:207,33,1,0
BRDA:207,34,0,0
BRDA:207,34,1,0
BRDA:209,35,0,0
BRDA:209,35,1,0
BRDA:220,36,0,0
BRDA:220,37,0,0
BRDA:220,37,1,0
BRDA:220,38,0,0
BRDA:220,38,1,0
BRDA:220,39,0,0
BRDA:220,39,1,0
BRDA:220,40,0,0
BRDA:220,40,1,0
BRDA:220,40,2,0
BRDA:220,41,0,0
BRDA:220,41,1,0
BRF:83
BRH:3
end_of_record
TN:
SF:src\utils\auth.js
FN:12,hasAccess
FN:32,isOwner
FN:43,canEdit
FN:52,getUserRoleDisplay
FN:67,isLoggedIn
FN:76,isTokenExpired
FN:87,shouldRefreshToken
FN:97,isAdmin
FN:106,getUserInitials
FN:125,getFullName
FN:144,isValidUser
FNF:11
FNH:11
FNDA:30,hasAccess
FNDA:13,isOwner
FNDA:6,canEdit
FNDA:6,getUserRoleDisplay
FNDA:5,isLoggedIn
FNDA:4,isTokenExpired
FNDA:5,shouldRefreshToken
FNDA:5,isAdmin
FNDA:5,getUserInitials
FNDA:5,getFullName
FNDA:8,isValidUser
DA:14,30
DA:17,27
DA:20,19
DA:23,16
DA:33,13
DA:34,10
DA:44,6
DA:53,6
DA:55,4
DA:56,3
DA:58,2
DA:68,5
DA:77,4
DA:78,2
DA:88,5
DA:89,3
DA:98,5
DA:107,5
DA:109,3
DA:110,2
DA:113,1
DA:114,1
DA:117,0
DA:126,5
DA:128,3
DA:129,2
DA:132,1
DA:133,0
DA:136,1
DA:145,8
DA:154,2
LF:31
LH:29
BRDA:14,0,0,3
BRDA:14,0,1,27
BRDA:17,1,0,8
BRDA:17,1,1,19
BRDA:20,2,0,3
BRDA:20,2,1,16
BRDA:20,3,0,19
BRDA:20,3,1,11
BRDA:33,4,0,3
BRDA:33,4,1,10
BRDA:33,5,0,13
BRDA:33,5,1,11
BRDA:34,6,0,10
BRDA:34,6,1,6
BRDA:44,7,0,6
BRDA:44,7,1,4
BRDA:53,8,0,2
BRDA:53,8,1,4
BRDA:55,9,0,1
BRDA:55,9,1,3
BRDA:56,10,0,1
BRDA:56,10,1,2
BRDA:56,11,0,3
BRDA:56,11,1,2
BRDA:68,12,0,5
BRDA:68,12,1,3
BRDA:77,13,0,2
BRDA:77,13,1,2
BRDA:87,14,0,3
BRDA:88,15,0,2
BRDA:88,15,1,3
BRDA:107,16,0,2
BRDA:107,16,1,3
BRDA:109,17,0,2
BRDA:109,17,1,1
BRDA:109,18,0,3
BRDA:109,18,1,2
BRDA:113,19,0,1
BRDA:113,19,1,0
BRDA:126,20,0,2
BRDA:126,20,1,3
BRDA:128,21,0,2
BRDA:128,21,1,1
BRDA:128,22,0,3
BRDA:128,22,1,2
BRDA:132,23,0,0
BRDA:132,23,1,1
BRDA:136,24,0,1
BRDA:136,24,1,0
BRDA:146,25,0,8
BRDA:146,25,1,6
BRDA:146,25,2,6
BRDA:146,25,3,4
BRF:53
BRH:50
end_of_record
